[22:12:14] [ServerMain/INFO]: Environment: authHost='https://authserver.mojang.com', accountsHost='https://api.mojang.com', sessionHost='https://sessionserver.mojang.com', servicesHost='https://api.minecraftservices.com', name='PROD'
[22:12:15] [ServerMain/INFO]: Loaded 7 recipes
[22:12:16] [ServerMain/INFO]: Loaded 1271 advancements
[22:12:17] [Server thread/INFO]: Starting minecraft server version 1.20
[22:12:17] [Server thread/INFO]: Loading properties
[22:12:17] [Server thread/INFO]: Default game type: CREATIVE
[22:12:17] [Server thread/INFO]: Generating keypair
[22:12:17] [Server thread/INFO]: Starting Minecraft server on *:25565
[22:12:17] [Server thread/INFO]: Using epoll channel type
[22:12:17] [Server thread/WARN]: **** SERVER IS RUNNING IN OFFLINE/INSECURE MODE!
[22:12:17] [Server thread/WARN]: The server will make no attempt to authenticate usernames. Beware.
[22:12:17] [Server thread/WARN]: While this makes the game possible to play without internet access, it also opens up the ability for hackers to connect with any username they choose.
[22:12:17] [Server thread/WARN]: To change this, set "online-mode" to "true" in the server.properties file.
[22:12:17] [Server thread/INFO]: Preparing level "world"
[22:12:19] [Server thread/INFO]: Preparing start region for dimension minecraft:overworld
[22:12:28] [Worker-Main-6/INFO]: Preparing spawn area: 0%
[22:12:28] [Worker-Main-6/INFO]: Preparing spawn area: 0%
[22:12:28] [Worker-Main-6/INFO]: Preparing spawn area: 0%
[22:12:28] [Worker-Main-6/INFO]: Preparing spawn area: 0%
[22:12:28] [Worker-Main-6/INFO]: Preparing spawn area: 0%
[22:12:28] [Worker-Main-6/INFO]: Preparing spawn area: 0%
[22:12:28] [Worker-Main-6/INFO]: Preparing spawn area: 0%
[22:12:28] [Worker-Main-6/INFO]: Preparing spawn area: 0%
[22:12:28] [Worker-Main-6/INFO]: Preparing spawn area: 0%
[22:12:28] [Worker-Main-6/INFO]: Preparing spawn area: 0%
[22:12:28] [Worker-Main-6/INFO]: Preparing spawn area: 0%
[22:12:28] [Worker-Main-6/INFO]: Preparing spawn area: 0%
[22:12:28] [Worker-Main-6/INFO]: Preparing spawn area: 0%
[22:12:28] [Worker-Main-6/INFO]: Preparing spawn area: 0%
[22:12:28] [Worker-Main-6/INFO]: Preparing spawn area: 0%
[22:12:28] [Worker-Main-6/INFO]: Preparing spawn area: 0%
[22:12:28] [Worker-Main-6/INFO]: Preparing spawn area: 0%
[22:12:28] [Worker-Main-6/INFO]: Preparing spawn area: 0%
[22:12:28] [Worker-Main-6/INFO]: Preparing spawn area: 0%
[22:12:29] [Worker-Main-6/INFO]: Preparing spawn area: 0%
[22:12:29] [Worker-Main-6/INFO]: Preparing spawn area: 0%
[22:12:29] [Worker-Main-6/INFO]: Preparing spawn area: 0%
[22:12:31] [Worker-Main-6/INFO]: Preparing spawn area: 0%
[22:12:31] [Worker-Main-6/INFO]: Preparing spawn area: 0%
[22:12:31] [Worker-Main-6/INFO]: Preparing spawn area: 0%
[22:12:32] [Worker-Main-6/INFO]: Preparing spawn area: 0%
[22:12:32] [Worker-Main-6/INFO]: Preparing spawn area: 0%
[22:12:32] [Worker-Main-4/INFO]: Preparing spawn area: 0%
[22:12:33] [Worker-Main-4/INFO]: Preparing spawn area: 0%
[22:12:33] [Worker-Main-1/INFO]: Preparing spawn area: 0%
[22:12:34] [Worker-Main-4/INFO]: Preparing spawn area: 0%
[22:12:34] [Worker-Main-3/INFO]: Preparing spawn area: 1%
[22:12:35] [Worker-Main-3/INFO]: Preparing spawn area: 2%
[22:12:35] [Worker-Main-6/INFO]: Preparing spawn area: 3%
[22:12:36] [Worker-Main-2/INFO]: Preparing spawn area: 4%
[22:12:37] [Worker-Main-7/INFO]: Preparing spawn area: 4%
[22:12:37] [Worker-Main-6/INFO]: Preparing spawn area: 5%
[22:12:37] [Worker-Main-6/INFO]: Preparing spawn area: 7%
[22:12:38] [Worker-Main-7/INFO]: Preparing spawn area: 8%
[22:12:38] [Worker-Main-3/INFO]: Preparing spawn area: 9%
[22:12:39] [Worker-Main-1/INFO]: Preparing spawn area: 10%
[22:12:39] [Worker-Main-2/INFO]: Preparing spawn area: 11%
[22:12:40] [Worker-Main-3/INFO]: Preparing spawn area: 13%
[22:12:40] [Worker-Main-3/INFO]: Preparing spawn area: 16%
[22:12:41] [Worker-Main-1/INFO]: Preparing spawn area: 18%
[22:12:41] [Worker-Main-5/INFO]: Preparing spawn area: 20%
[22:12:42] [Worker-Main-3/INFO]: Preparing spawn area: 22%
[22:12:42] [Worker-Main-5/INFO]: Preparing spawn area: 24%
[22:12:43] [Worker-Main-4/INFO]: Preparing spawn area: 27%
[22:12:43] [Worker-Main-1/INFO]: Preparing spawn area: 30%
[22:12:44] [Worker-Main-5/INFO]: Preparing spawn area: 32%
[22:12:44] [Worker-Main-6/INFO]: Preparing spawn area: 34%
[22:12:45] [Worker-Main-3/INFO]: Preparing spawn area: 37%
[22:12:45] [Worker-Main-3/INFO]: Preparing spawn area: 40%
[22:12:46] [Worker-Main-5/INFO]: Preparing spawn area: 41%
[22:12:46] [Worker-Main-7/INFO]: Preparing spawn area: 43%
[22:12:47] [Worker-Main-7/INFO]: Preparing spawn area: 47%
[22:12:47] [Worker-Main-4/INFO]: Preparing spawn area: 49%
[22:12:48] [Worker-Main-5/INFO]: Preparing spawn area: 52%
[22:12:48] [Worker-Main-4/INFO]: Preparing spawn area: 54%
[22:12:49] [Worker-Main-2/INFO]: Preparing spawn area: 56%
[22:12:49] [Worker-Main-1/INFO]: Preparing spawn area: 60%
[22:12:50] [Worker-Main-6/INFO]: Preparing spawn area: 62%
[22:12:50] [Worker-Main-4/INFO]: Preparing spawn area: 64%
[22:12:51] [Worker-Main-5/INFO]: Preparing spawn area: 68%
[22:12:51] [Worker-Main-7/INFO]: Preparing spawn area: 70%
[22:12:52] [Worker-Main-4/INFO]: Preparing spawn area: 71%
[22:12:52] [Worker-Main-4/INFO]: Preparing spawn area: 75%
[22:12:53] [Worker-Main-3/INFO]: Preparing spawn area: 78%
[22:12:53] [Worker-Main-7/INFO]: Preparing spawn area: 80%
[22:12:54] [Worker-Main-5/INFO]: Preparing spawn area: 83%
[22:12:54] [Worker-Main-7/INFO]: Preparing spawn area: 85%
[22:12:55] [Worker-Main-3/INFO]: Preparing spawn area: 88%
[22:12:55] [Worker-Main-1/INFO]: Preparing spawn area: 91%
[22:12:56] [Worker-Main-1/INFO]: Preparing spawn area: 94%
[22:12:56] [Worker-Main-4/INFO]: Preparing spawn area: 96%
[22:12:57] [Server thread/INFO]: Time elapsed: 37884 ms
[22:12:57] [Server thread/INFO]: Done (39.869s)! For help, type "help"
[22:12:57] [Server thread/INFO]: JMX monitoring enabled
[22:13:34] [Server thread/INFO]: Bot1node034[/10.149.0.34:47702] logged in with entity id 315 at (207.5, 88.0, 524.5)
[22:13:34] [Server thread/INFO]: Bot1node034 joined the game
[22:13:40] [Server thread/INFO]: Bot2node034[/10.149.0.34:47706] logged in with entity id 342 at (202.5, 85.0, 504.5)
[22:13:40] [Server thread/INFO]: Bot2node034 joined the game
[22:13:46] [Server thread/INFO]: Bot3node034[/10.149.0.34:47710] logged in with entity id 354 at (214.5, 84.0, 513.5)
[22:13:46] [Server thread/INFO]: Bot3node034 joined the game
[22:13:52] [Server thread/INFO]: Bot4node034[/10.149.0.34:47714] logged in with entity id 357 at (202.5, 103.0, 522.5)
[22:13:52] [Server thread/INFO]: Bot4node034 joined the game
[22:13:58] [Server thread/INFO]: Bot5node034[/10.149.0.34:47718] logged in with entity id 358 at (201.5, 104.0, 521.5)
[22:13:58] [Server thread/INFO]: Bot5node034 joined the game
[22:14:04] [Server thread/INFO]: Bot6node034[/10.149.0.34:47722] logged in with entity id 359 at (209.5, 88.0, 517.5)
[22:14:04] [Server thread/INFO]: Bot6node034 joined the game
[22:14:10] [Server thread/INFO]: Bot7node034[/10.149.0.34:47726] logged in with entity id 361 at (198.5, 89.0, 518.5)
[22:14:10] [Server thread/INFO]: Bot7node034 joined the game
[22:14:16] [Server thread/INFO]: Bot8node034[/10.149.0.34:47730] logged in with entity id 362 at (203.5, 85.0, 504.5)
[22:14:16] [Server thread/INFO]: Bot8node034 joined the game
[22:14:22] [Server thread/INFO]: Bot9node034[/10.149.0.34:47734] logged in with entity id 365 at (212.5, 87.0, 521.5)
[22:14:22] [Server thread/INFO]: Bot9node034 joined the game
[22:14:28] [Server thread/INFO]: Bot10node034[/10.149.0.34:47738] logged in with entity id 366 at (215.5, 91.0, 505.5)
[22:14:28] [Server thread/INFO]: Bot10node034 joined the game
[22:19:31] [Server thread/INFO]: Bot1node034 lost connection: Disconnected
[22:19:31] [Server thread/INFO]: Bot1node034 left the game
[22:19:31] [Server thread/INFO]: Bot2node034 lost connection: Disconnected
[22:19:31] [Server thread/INFO]: Bot2node034 left the game
[22:19:31] [Server thread/INFO]: Bot3node034 lost connection: Disconnected
[22:19:31] [Server thread/INFO]: Bot3node034 left the game
[22:19:31] [Server thread/INFO]: Bot4node034 lost connection: Disconnected
[22:19:31] [Server thread/INFO]: Bot4node034 left the game
[22:19:31] [Server thread/INFO]: Bot5node034 lost connection: Disconnected
[22:19:31] [Server thread/INFO]: Bot5node034 left the game
[22:19:31] [Server thread/INFO]: Bot6node034 lost connection: Disconnected
[22:19:31] [Server thread/INFO]: Bot6node034 left the game
[22:19:32] [Server thread/INFO]: Bot7node034 lost connection: Disconnected
[22:19:32] [Server thread/INFO]: Bot7node034 left the game
[22:19:32] [Server thread/INFO]: Bot8node034 lost connection: Disconnected
[22:19:32] [Server thread/INFO]: Bot8node034 left the game
[22:19:32] [Server thread/INFO]: Bot9node034 lost connection: Disconnected
[22:19:32] [Server thread/INFO]: Bot9node034 left the game
[22:19:32] [Server thread/INFO]: Bot10node034 lost connection: Disconnected
[22:19:32] [Server thread/INFO]: Bot10node034 left the game
