[19:00:31] [ServerMain/INFO]: Environment: authHost='https://authserver.mojang.com', accountsHost='https://api.mojang.com', sessionHost='https://sessionserver.mojang.com', servicesHost='https://api.minecraftservices.com', name='PROD'
[19:00:33] [ServerMain/INFO]: Loaded 7 recipes
[19:00:33] [ServerMain/INFO]: Loaded 1271 advancements
[19:00:34] [Server thread/INFO]: Starting minecraft server version 1.20
[19:00:34] [Server thread/INFO]: Loading properties
[19:00:34] [Server thread/INFO]: Default game type: CREATIVE
[19:00:34] [Server thread/INFO]: Generating keypair
[19:00:34] [Server thread/INFO]: Starting Minecraft server on *:25565
[19:00:34] [Server thread/INFO]: Using epoll channel type
[19:00:35] [Server thread/WARN]: **** SERVER IS RUNNING IN OFFLINE/INSECURE MODE!
[19:00:35] [Server thread/WARN]: The server will make no attempt to authenticate usernames. Beware.
[19:00:35] [Server thread/WARN]: While this makes the game possible to play without internet access, it also opens up the ability for hackers to connect with any username they choose.
[19:00:35] [Server thread/WARN]: To change this, set "online-mode" to "true" in the server.properties file.
[19:00:35] [Server thread/INFO]: Preparing level "world"
[19:00:36] [Server thread/INFO]: Preparing start region for dimension minecraft:overworld
[19:00:40] [Worker-Main-7/INFO]: Preparing spawn area: 0%
[19:00:40] [Worker-Main-7/INFO]: Preparing spawn area: 0%
[19:00:40] [Worker-Main-7/INFO]: Preparing spawn area: 0%
[19:00:40] [Worker-Main-7/INFO]: Preparing spawn area: 0%
[19:00:40] [Worker-Main-7/INFO]: Preparing spawn area: 0%
[19:00:40] [Worker-Main-7/INFO]: Preparing spawn area: 0%
[19:00:40] [Worker-Main-7/INFO]: Preparing spawn area: 0%
[19:00:40] [Worker-Main-7/INFO]: Preparing spawn area: 0%
[19:00:40] [Worker-Main-7/INFO]: Preparing spawn area: 0%
[19:00:41] [Worker-Main-7/INFO]: Preparing spawn area: 0%
[19:00:42] [Worker-Main-7/INFO]: Preparing spawn area: 0%
[19:00:42] [Worker-Main-7/INFO]: Preparing spawn area: 0%
[19:00:42] [Worker-Main-7/INFO]: Preparing spawn area: 0%
[19:00:43] [Worker-Main-7/INFO]: Preparing spawn area: 0%
[19:00:43] [Worker-Main-3/INFO]: Preparing spawn area: 0%
[19:00:44] [Worker-Main-3/INFO]: Preparing spawn area: 0%
[19:00:44] [Worker-Main-4/INFO]: Preparing spawn area: 1%
[19:00:45] [Worker-Main-2/INFO]: Preparing spawn area: 3%
[19:00:45] [Worker-Main-1/INFO]: Preparing spawn area: 5%
[19:00:46] [Worker-Main-7/INFO]: Preparing spawn area: 6%
[19:00:46] [Worker-Main-3/INFO]: Preparing spawn area: 7%
[19:00:47] [Worker-Main-5/INFO]: Preparing spawn area: 10%
[19:00:48] [Worker-Main-4/INFO]: Preparing spawn area: 10%
[19:00:48] [Worker-Main-4/INFO]: Preparing spawn area: 11%
[19:00:48] [Worker-Main-6/INFO]: Preparing spawn area: 14%
[19:00:49] [Worker-Main-1/INFO]: Preparing spawn area: 16%
[19:00:49] [Worker-Main-2/INFO]: Preparing spawn area: 18%
[19:00:50] [Worker-Main-5/INFO]: Preparing spawn area: 20%
[19:00:50] [Worker-Main-2/INFO]: Preparing spawn area: 23%
[19:00:51] [Worker-Main-3/INFO]: Preparing spawn area: 26%
[19:00:51] [Worker-Main-5/INFO]: Preparing spawn area: 28%
[19:00:52] [Worker-Main-7/INFO]: Preparing spawn area: 31%
[19:00:52] [Worker-Main-4/INFO]: Preparing spawn area: 33%
[19:00:53] [Worker-Main-3/INFO]: Preparing spawn area: 36%
[19:00:53] [Worker-Main-1/INFO]: Preparing spawn area: 38%
[19:00:54] [Worker-Main-4/INFO]: Preparing spawn area: 42%
[19:00:54] [Worker-Main-3/INFO]: Preparing spawn area: 44%
[19:00:55] [Worker-Main-3/INFO]: Preparing spawn area: 45%
[19:00:55] [Worker-Main-7/INFO]: Preparing spawn area: 48%
[19:00:56] [Worker-Main-6/INFO]: Preparing spawn area: 52%
[19:00:56] [Worker-Main-6/INFO]: Preparing spawn area: 54%
[19:00:57] [Worker-Main-3/INFO]: Preparing spawn area: 56%
[19:00:57] [Worker-Main-7/INFO]: Preparing spawn area: 59%
[19:00:58] [Worker-Main-7/INFO]: Preparing spawn area: 63%
[19:00:58] [Worker-Main-3/INFO]: Preparing spawn area: 67%
[19:00:59] [Worker-Main-3/INFO]: Preparing spawn area: 69%
[19:00:59] [Worker-Main-1/INFO]: Preparing spawn area: 71%
[19:01:00] [Worker-Main-6/INFO]: Preparing spawn area: 75%
[19:01:00] [Worker-Main-4/INFO]: Preparing spawn area: 79%
[19:01:01] [Worker-Main-1/INFO]: Preparing spawn area: 82%
[19:01:01] [Worker-Main-5/INFO]: Preparing spawn area: 84%
[19:01:02] [Worker-Main-6/INFO]: Preparing spawn area: 86%
[19:01:02] [Worker-Main-4/INFO]: Preparing spawn area: 89%
[19:01:03] [Worker-Main-3/INFO]: Preparing spawn area: 94%
[19:01:03] [Worker-Main-3/INFO]: Preparing spawn area: 98%
[19:01:04] [Server thread/INFO]: Time elapsed: 27190 ms
[19:01:04] [Server thread/INFO]: Done (28.949s)! For help, type "help"
[19:01:04] [Server thread/INFO]: JMX monitoring enabled
[19:01:52] [Server thread/INFO]: Bot1node015[/10.149.0.15:40540] logged in with entity id 319 at (209.5, 88.0, 520.5)
[19:01:52] [Server thread/INFO]: Bot1node015 joined the game
[19:01:57] [Server thread/INFO]: Bot2node015[/10.149.0.15:40544] logged in with entity id 343 at (195.5, 89.0, 521.5)
[19:01:57] [Server thread/INFO]: Bot2node015 joined the game
[19:02:03] [Server thread/INFO]: Bot3node015[/10.149.0.15:40548] logged in with entity id 349 at (201.5, 89.0, 516.5)
[19:02:03] [Server thread/INFO]: Bot3node015 joined the game
[19:02:09] [Server thread/INFO]: Bot4node015[/10.149.0.15:40552] logged in with entity id 350 at (195.5, 89.0, 514.5)
[19:02:09] [Server thread/INFO]: Bot4node015 joined the game
[19:02:15] [Server thread/INFO]: Bot5node015[/10.149.0.15:40556] logged in with entity id 351 at (209.5, 88.0, 513.5)
[19:02:15] [Server thread/INFO]: Bot5node015 joined the game
[19:02:21] [Server thread/INFO]: Bot6node015[/10.149.0.15:40560] logged in with entity id 352 at (215.5, 83.0, 513.5)
[19:02:21] [Server thread/INFO]: Bot6node015 joined the game
[19:02:27] [Server thread/INFO]: Bot7node015[/10.149.0.15:40564] logged in with entity id 354 at (212.5, 80.0, 506.5)
[19:02:27] [Server thread/INFO]: Bot7node015 joined the game
[19:02:33] [Server thread/INFO]: Bot8node015[/10.149.0.15:40568] logged in with entity id 366 at (209.5, 81.0, 504.5)
[19:02:33] [Server thread/INFO]: Bot8node015 joined the game
[19:02:39] [Server thread/INFO]: Bot9node015[/10.149.0.15:40572] logged in with entity id 369 at (202.5, 88.0, 507.5)
[19:02:39] [Server thread/INFO]: Bot9node015 joined the game
[19:02:45] [Server thread/INFO]: Bot10node015[/10.149.0.15:40576] logged in with entity id 370 at (212.5, 87.0, 515.5)
[19:02:45] [Server thread/INFO]: Bot10node015 joined the game
[19:07:49] [Server thread/INFO]: Bot4node015 lost connection: Disconnected
[19:07:49] [Server thread/INFO]: Bot4node015 left the game
[19:07:49] [Server thread/INFO]: Bot5node015 lost connection: Disconnected
[19:07:49] [Server thread/INFO]: Bot5node015 left the game
[19:07:49] [Server thread/INFO]: Bot6node015 lost connection: Disconnected
[19:07:49] [Server thread/INFO]: Bot6node015 left the game
[19:07:49] [Server thread/INFO]: Bot7node015 lost connection: Disconnected
[19:07:49] [Server thread/INFO]: Bot7node015 left the game
[19:07:49] [Server thread/INFO]: Bot8node015 lost connection: Disconnected
[19:07:49] [Server thread/INFO]: Bot8node015 left the game
[19:07:49] [Server thread/INFO]: Bot9node015 lost connection: Disconnected
[19:07:49] [Server thread/INFO]: Bot9node015 left the game
[19:07:49] [Server thread/INFO]: Bot10node015 lost connection: Disconnected
[19:07:49] [Server thread/INFO]: Bot10node015 left the game
[19:07:49] [Server thread/INFO]: Bot1node015 lost connection: Disconnected
[19:07:49] [Server thread/INFO]: Bot1node015 left the game
[19:07:49] [Server thread/INFO]: Bot2node015 lost connection: Disconnected
[19:07:49] [Server thread/INFO]: Bot2node015 left the game
[19:07:49] [Server thread/INFO]: Bot3node015 lost connection: Disconnected
[19:07:49] [Server thread/INFO]: Bot3node015 left the game
