[21:44:33] [ServerMain/INFO]: Environment: authHost='https://authserver.mojang.com', accountsHost='https://api.mojang.com', sessionHost='https://sessionserver.mojang.com', servicesHost='https://api.minecraftservices.com', name='PROD'
[21:44:35] [ServerMain/INFO]: Loaded 7 recipes
[21:44:35] [ServerMain/INFO]: Loaded 1271 advancements
[21:44:36] [Server thread/INFO]: Starting minecraft server version 1.20
[21:44:36] [Server thread/INFO]: Loading properties
[21:44:36] [Server thread/INFO]: Default game type: CREATIVE
[21:44:36] [Server thread/INFO]: Generating keypair
[21:44:37] [Server thread/INFO]: Starting Minecraft server on *:25565
[21:44:37] [Server thread/INFO]: Using epoll channel type
[21:44:37] [Server thread/WARN]: **** SERVER IS RUNNING IN OFFLINE/INSECURE MODE!
[21:44:37] [Server thread/WARN]: The server will make no attempt to authenticate usernames. Beware.
[21:44:37] [Server thread/WARN]: While this makes the game possible to play without internet access, it also opens up the ability for hackers to connect with any username they choose.
[21:44:37] [Server thread/WARN]: To change this, set "online-mode" to "true" in the server.properties file.
[21:44:37] [Server thread/INFO]: Preparing level "world"
[21:44:39] [Server thread/INFO]: Preparing start region for dimension minecraft:overworld
[21:44:49] [Worker-Main-3/INFO]: Preparing spawn area: 0%
[21:44:49] [Worker-Main-3/INFO]: Preparing spawn area: 0%
[21:44:49] [Worker-Main-3/INFO]: Preparing spawn area: 0%
[21:44:49] [Worker-Main-3/INFO]: Preparing spawn area: 0%
[21:44:49] [Worker-Main-3/INFO]: Preparing spawn area: 0%
[21:44:49] [Worker-Main-3/INFO]: Preparing spawn area: 0%
[21:44:49] [Worker-Main-3/INFO]: Preparing spawn area: 0%
[21:44:49] [Worker-Main-3/INFO]: Preparing spawn area: 0%
[21:44:49] [Worker-Main-3/INFO]: Preparing spawn area: 0%
[21:44:49] [Worker-Main-3/INFO]: Preparing spawn area: 0%
[21:44:49] [Worker-Main-3/INFO]: Preparing spawn area: 0%
[21:44:49] [Worker-Main-3/INFO]: Preparing spawn area: 0%
[21:44:49] [Worker-Main-3/INFO]: Preparing spawn area: 0%
[21:44:49] [Worker-Main-3/INFO]: Preparing spawn area: 0%
[21:44:49] [Worker-Main-3/INFO]: Preparing spawn area: 0%
[21:44:49] [Worker-Main-3/INFO]: Preparing spawn area: 0%
[21:44:49] [Worker-Main-3/INFO]: Preparing spawn area: 0%
[21:44:49] [Worker-Main-3/INFO]: Preparing spawn area: 0%
[21:44:49] [Worker-Main-3/INFO]: Preparing spawn area: 0%
[21:44:49] [Worker-Main-3/INFO]: Preparing spawn area: 0%
[21:44:49] [Worker-Main-3/INFO]: Preparing spawn area: 0%
[21:44:49] [Worker-Main-3/INFO]: Preparing spawn area: 0%
[21:44:50] [Worker-Main-3/INFO]: Preparing spawn area: 0%
[21:44:50] [Worker-Main-7/INFO]: Preparing spawn area: 0%
[21:44:51] [Worker-Main-1/INFO]: Preparing spawn area: 0%
[21:44:51] [Worker-Main-6/INFO]: Preparing spawn area: 0%
[21:44:52] [Worker-Main-4/INFO]: Preparing spawn area: 0%
[21:44:52] [Worker-Main-6/INFO]: Preparing spawn area: 0%
[21:44:53] [Worker-Main-1/INFO]: Preparing spawn area: 0%
[21:44:53] [Worker-Main-2/INFO]: Preparing spawn area: 0%
[21:44:54] [Worker-Main-6/INFO]: Preparing spawn area: 1%
[21:44:54] [Worker-Main-4/INFO]: Preparing spawn area: 2%
[21:44:55] [Worker-Main-2/INFO]: Preparing spawn area: 3%
[21:44:55] [Worker-Main-7/INFO]: Preparing spawn area: 5%
[21:44:56] [Worker-Main-4/INFO]: Preparing spawn area: 6%
[21:44:56] [Worker-Main-3/INFO]: Preparing spawn area: 7%
[21:44:57] [Worker-Main-7/INFO]: Preparing spawn area: 9%
[21:44:57] [Worker-Main-5/INFO]: Preparing spawn area: 10%
[21:44:58] [Worker-Main-5/INFO]: Preparing spawn area: 11%
[21:44:58] [Worker-Main-5/INFO]: Preparing spawn area: 13%
[21:44:59] [Worker-Main-2/INFO]: Preparing spawn area: 15%
[21:44:59] [Worker-Main-7/INFO]: Preparing spawn area: 17%
[21:45:00] [Worker-Main-5/INFO]: Preparing spawn area: 18%
[21:45:00] [Worker-Main-6/INFO]: Preparing spawn area: 21%
[21:45:01] [Worker-Main-5/INFO]: Preparing spawn area: 23%
[21:45:01] [Worker-Main-4/INFO]: Preparing spawn area: 26%
[21:45:02] [Worker-Main-5/INFO]: Preparing spawn area: 29%
[21:45:02] [Worker-Main-2/INFO]: Preparing spawn area: 31%
[21:45:03] [Worker-Main-4/INFO]: Preparing spawn area: 33%
[21:45:03] [Worker-Main-5/INFO]: Preparing spawn area: 35%
[21:45:04] [Worker-Main-3/INFO]: Preparing spawn area: 37%
[21:45:04] [Worker-Main-4/INFO]: Preparing spawn area: 40%
[21:45:05] [Worker-Main-7/INFO]: Preparing spawn area: 42%
[21:45:05] [Worker-Main-1/INFO]: Preparing spawn area: 44%
[21:45:06] [Worker-Main-4/INFO]: Preparing spawn area: 46%
[21:45:06] [Worker-Main-3/INFO]: Preparing spawn area: 49%
[21:45:07] [Worker-Main-5/INFO]: Preparing spawn area: 52%
[21:45:07] [Worker-Main-4/INFO]: Preparing spawn area: 55%
[21:45:08] [Worker-Main-2/INFO]: Preparing spawn area: 56%
[21:45:08] [Worker-Main-6/INFO]: Preparing spawn area: 59%
[21:45:09] [Worker-Main-4/INFO]: Preparing spawn area: 62%
[21:45:09] [Worker-Main-7/INFO]: Preparing spawn area: 66%
[21:45:10] [Worker-Main-7/INFO]: Preparing spawn area: 68%
[21:45:10] [Worker-Main-4/INFO]: Preparing spawn area: 70%
[21:45:11] [Worker-Main-6/INFO]: Preparing spawn area: 73%
[21:45:11] [Worker-Main-4/INFO]: Preparing spawn area: 76%
[21:45:12] [Worker-Main-7/INFO]: Preparing spawn area: 80%
[21:45:12] [Worker-Main-6/INFO]: Preparing spawn area: 83%
[21:45:13] [Worker-Main-5/INFO]: Preparing spawn area: 86%
[21:45:13] [Worker-Main-1/INFO]: Preparing spawn area: 88%
[21:45:14] [Worker-Main-5/INFO]: Preparing spawn area: 91%
[21:45:14] [Worker-Main-4/INFO]: Preparing spawn area: 94%
[21:45:15] [Worker-Main-4/INFO]: Preparing spawn area: 98%
[21:45:15] [Server thread/INFO]: Time elapsed: 36200 ms
[21:45:15] [Server thread/INFO]: Done (38.133s)! For help, type "help"
[21:45:15] [Server thread/INFO]: JMX monitoring enabled
[21:45:54] [Server thread/INFO]: Bot1node034[/10.149.0.34:47504] logged in with entity id 319 at (205.5, 89.0, 521.5)
[21:45:54] [Server thread/INFO]: Bot1node034 joined the game
[21:46:00] [Server thread/INFO]: Bot2node034[/10.149.0.34:47508] logged in with entity id 346 at (196.5, 89.0, 516.5)
[21:46:00] [Server thread/INFO]: Bot2node034 joined the game
[21:46:06] [Server thread/INFO]: Bot3node034[/10.149.0.34:47512] logged in with entity id 347 at (211.5, 87.0, 513.5)
[21:46:06] [Server thread/INFO]: Bot3node034 joined the game
[21:46:12] [Server thread/INFO]: Bot4node034[/10.149.0.34:47516] logged in with entity id 350 at (202.5, 89.0, 512.5)
[21:46:12] [Server thread/INFO]: Bot4node034 joined the game
[21:46:18] [Server thread/INFO]: Bot5node034[/10.149.0.34:47520] logged in with entity id 351 at (203.5, 86.0, 505.5)
[21:46:18] [Server thread/INFO]: Bot5node034 joined the game
[21:46:24] [Server thread/INFO]: Bot6node034[/10.149.0.34:47524] logged in with entity id 363 at (212.5, 85.0, 512.5)
[21:46:24] [Server thread/INFO]: Bot6node034 joined the game
[21:46:30] [Server thread/INFO]: Bot7node034[/10.149.0.34:47528] logged in with entity id 365 at (206.5, 89.0, 514.5)
[21:46:30] [Server thread/INFO]: Bot7node034 joined the game
[21:46:36] [Server thread/INFO]: Bot8node034[/10.149.0.34:47534] logged in with entity id 366 at (199.5, 89.0, 516.5)
[21:46:36] [Server thread/INFO]: Bot8node034 joined the game
[21:46:42] [Server thread/INFO]: Bot9node034[/10.149.0.34:47538] logged in with entity id 369 at (202.5, 89.0, 509.5)
[21:46:42] [Server thread/INFO]: Bot9node034 joined the game
[21:46:48] [Server thread/INFO]: Bot10node034[/10.149.0.34:47542] logged in with entity id 370 at (213.5, 86.0, 520.5)
[21:46:48] [Server thread/INFO]: Bot10node034 joined the game
[21:51:51] [Server thread/INFO]: Bot1node034 lost connection: Disconnected
[21:51:51] [Server thread/INFO]: Bot1node034 left the game
[21:51:51] [Server thread/INFO]: Bot2node034 lost connection: Disconnected
[21:51:51] [Server thread/INFO]: Bot2node034 left the game
[21:51:51] [Server thread/INFO]: Bot3node034 lost connection: Disconnected
[21:51:51] [Server thread/INFO]: Bot3node034 left the game
[21:51:51] [Server thread/INFO]: Bot4node034 lost connection: Disconnected
[21:51:51] [Server thread/INFO]: Bot4node034 left the game
[21:51:51] [Server thread/INFO]: Bot5node034 lost connection: Disconnected
[21:51:51] [Server thread/INFO]: Bot5node034 left the game
[21:51:51] [Server thread/INFO]: Bot6node034 lost connection: Disconnected
[21:51:51] [Server thread/INFO]: Bot6node034 left the game
[21:51:51] [Server thread/INFO]: Bot7node034 lost connection: Disconnected
[21:51:51] [Server thread/INFO]: Bot7node034 left the game
[21:51:51] [Server thread/INFO]: Bot8node034 lost connection: Disconnected
[21:51:51] [Server thread/INFO]: Bot8node034 left the game
[21:51:51] [Server thread/INFO]: Bot9node034 lost connection: Disconnected
[21:51:51] [Server thread/INFO]: Bot9node034 left the game
[21:51:51] [Server thread/INFO]: Bot10node034 lost connection: Disconnected
[21:51:51] [Server thread/INFO]: Bot10node034 left the game
