[20:14:06] [ServerMain/INFO]: Environment: authHost='https://authserver.mojang.com', accountsHost='https://api.mojang.com', sessionHost='https://sessionserver.mojang.com', servicesHost='https://api.minecraftservices.com', name='PROD'
[20:14:08] [ServerMain/INFO]: Loaded 7 recipes
[20:14:08] [ServerMain/INFO]: Loaded 1271 advancements
[20:14:09] [Server thread/INFO]: Starting minecraft server version 1.20
[20:14:09] [Server thread/INFO]: Loading properties
[20:14:09] [Server thread/INFO]: Default game type: CREATIVE
[20:14:09] [Server thread/INFO]: Generating keypair
[20:14:09] [Server thread/INFO]: Starting Minecraft server on *:25565
[20:14:09] [Server thread/INFO]: Using epoll channel type
[20:14:09] [Server thread/WARN]: **** SERVER IS RUNNING IN OFFLINE/INSECURE MODE!
[20:14:09] [Server thread/WARN]: The server will make no attempt to authenticate usernames. Beware.
[20:14:09] [Server thread/WARN]: While this makes the game possible to play without internet access, it also opens up the ability for hackers to connect with any username they choose.
[20:14:09] [Server thread/WARN]: To change this, set "online-mode" to "true" in the server.properties file.
[20:14:10] [Server thread/INFO]: Preparing level "world"
[20:14:11] [Server thread/INFO]: Preparing start region for dimension minecraft:overworld
[20:14:20] [Worker-Main-7/INFO]: Preparing spawn area: 0%
[20:14:20] [Worker-Main-7/INFO]: Preparing spawn area: 0%
[20:14:20] [Worker-Main-7/INFO]: Preparing spawn area: 0%
[20:14:20] [Worker-Main-7/INFO]: Preparing spawn area: 0%
[20:14:20] [Worker-Main-7/INFO]: Preparing spawn area: 0%
[20:14:20] [Worker-Main-7/INFO]: Preparing spawn area: 0%
[20:14:20] [Worker-Main-7/INFO]: Preparing spawn area: 0%
[20:14:20] [Worker-Main-7/INFO]: Preparing spawn area: 0%
[20:14:20] [Worker-Main-7/INFO]: Preparing spawn area: 0%
[20:14:20] [Worker-Main-7/INFO]: Preparing spawn area: 0%
[20:14:20] [Worker-Main-7/INFO]: Preparing spawn area: 0%
[20:14:20] [Worker-Main-7/INFO]: Preparing spawn area: 0%
[20:14:20] [Worker-Main-7/INFO]: Preparing spawn area: 0%
[20:14:20] [Worker-Main-7/INFO]: Preparing spawn area: 0%
[20:14:20] [Worker-Main-7/INFO]: Preparing spawn area: 0%
[20:14:20] [Worker-Main-7/INFO]: Preparing spawn area: 0%
[20:14:20] [Worker-Main-7/INFO]: Preparing spawn area: 0%
[20:14:20] [Worker-Main-7/INFO]: Preparing spawn area: 0%
[20:14:21] [Worker-Main-7/INFO]: Preparing spawn area: 0%
[20:14:21] [Worker-Main-2/INFO]: Preparing spawn area: 0%
[20:14:21] [Worker-Main-2/INFO]: Preparing spawn area: 0%
[20:14:22] [Worker-Main-2/INFO]: Preparing spawn area: 0%
[20:14:22] [Worker-Main-7/INFO]: Preparing spawn area: 0%
[20:14:23] [Worker-Main-3/INFO]: Preparing spawn area: 0%
[20:14:23] [Worker-Main-5/INFO]: Preparing spawn area: 0%
[20:14:24] [Worker-Main-5/INFO]: Preparing spawn area: 0%
[20:14:24] [Worker-Main-1/INFO]: Preparing spawn area: 0%
[20:14:25] [Worker-Main-2/INFO]: Preparing spawn area: 0%
[20:14:25] [Worker-Main-7/INFO]: Preparing spawn area: 1%
[20:14:26] [Worker-Main-5/INFO]: Preparing spawn area: 3%
[20:14:27] [Worker-Main-6/INFO]: Preparing spawn area: 3%
[20:14:27] [Worker-Main-3/INFO]: Preparing spawn area: 3%
[20:14:27] [Worker-Main-3/INFO]: Preparing spawn area: 5%
[20:14:28] [Worker-Main-5/INFO]: Preparing spawn area: 7%
[20:14:28] [Worker-Main-3/INFO]: Preparing spawn area: 9%
[20:14:29] [Worker-Main-1/INFO]: Preparing spawn area: 9%
[20:14:30] [Worker-Main-5/INFO]: Preparing spawn area: 10%
[20:14:30] [Worker-Main-7/INFO]: Preparing spawn area: 12%
[20:14:30] [Worker-Main-4/INFO]: Preparing spawn area: 13%
[20:14:31] [Worker-Main-5/INFO]: Preparing spawn area: 15%
[20:14:31] [Worker-Main-7/INFO]: Preparing spawn area: 16%
[20:14:32] [Worker-Main-6/INFO]: Preparing spawn area: 19%
[20:14:32] [Worker-Main-6/INFO]: Preparing spawn area: 22%
[20:14:33] [Worker-Main-6/INFO]: Preparing spawn area: 23%
[20:14:33] [Worker-Main-7/INFO]: Preparing spawn area: 27%
[20:14:34] [Worker-Main-5/INFO]: Preparing spawn area: 29%
[20:14:35] [Worker-Main-2/INFO]: Preparing spawn area: 31%
[20:14:35] [Worker-Main-5/INFO]: Preparing spawn area: 34%
[20:14:35] [Worker-Main-6/INFO]: Preparing spawn area: 37%
[20:14:36] [Worker-Main-5/INFO]: Preparing spawn area: 40%
[20:14:36] [Worker-Main-6/INFO]: Preparing spawn area: 42%
[20:14:37] [Worker-Main-7/INFO]: Preparing spawn area: 44%
[20:14:37] [Worker-Main-6/INFO]: Preparing spawn area: 46%
[20:14:38] [Worker-Main-2/INFO]: Preparing spawn area: 50%
[20:14:38] [Worker-Main-5/INFO]: Preparing spawn area: 51%
[20:14:39] [Worker-Main-4/INFO]: Preparing spawn area: 54%
[20:14:39] [Worker-Main-5/INFO]: Preparing spawn area: 56%
[20:14:40] [Worker-Main-7/INFO]: Preparing spawn area: 58%
[20:14:40] [Worker-Main-5/INFO]: Preparing spawn area: 63%
[20:14:41] [Worker-Main-2/INFO]: Preparing spawn area: 65%
[20:14:41] [Worker-Main-1/INFO]: Preparing spawn area: 68%
[20:14:42] [Worker-Main-2/INFO]: Preparing spawn area: 70%
[20:14:42] [Worker-Main-2/INFO]: Preparing spawn area: 71%
[20:14:43] [Worker-Main-2/INFO]: Preparing spawn area: 76%
[20:14:43] [Worker-Main-2/INFO]: Preparing spawn area: 79%
[20:14:44] [Worker-Main-2/INFO]: Preparing spawn area: 83%
[20:14:44] [Worker-Main-2/INFO]: Preparing spawn area: 85%
[20:14:45] [Worker-Main-3/INFO]: Preparing spawn area: 87%
[20:14:45] [Worker-Main-3/INFO]: Preparing spawn area: 88%
[20:14:46] [Worker-Main-4/INFO]: Preparing spawn area: 92%
[20:14:46] [Worker-Main-3/INFO]: Preparing spawn area: 96%
[20:14:47] [Server thread/INFO]: Time elapsed: 35504 ms
[20:14:47] [Server thread/INFO]: Done (37.463s)! For help, type "help"
[20:14:47] [Server thread/INFO]: JMX monitoring enabled
[20:15:25] [Server thread/INFO]: Bot1node017[/10.149.0.17:52556] logged in with entity id 317 at (208.5, 86.0, 509.5)
[20:15:25] [Server thread/INFO]: Bot1node017 joined the game
[20:15:26] [Server thread/INFO]: Bot1node018[/10.149.0.18:55392] logged in with entity id 318 at (203.5, 89.0, 519.5)
[20:15:26] [Server thread/INFO]: Bot1node018 joined the game
[20:15:30] [Server thread/INFO]: Bot2node017[/10.149.0.17:52560] logged in with entity id 333 at (209.5, 85.0, 509.5)
[20:15:30] [Server thread/INFO]: Bot2node017 joined the game
[20:15:30] [Server thread/INFO]: Bot2node018[/10.149.0.18:55396] logged in with entity id 338 at (210.5, 84.0, 508.5)
[20:15:30] [Server thread/INFO]: Bot2node018 joined the game
[20:15:35] [Server thread/INFO]: Bot3node017[/10.149.0.17:52564] logged in with entity id 360 at (195.5, 88.0, 505.5)
[20:15:35] [Server thread/INFO]: Bot3node017 joined the game
[20:15:35] [Server thread/INFO]: Bot3node018[/10.149.0.18:55400] logged in with entity id 361 at (205.5, 89.0, 515.5)
[20:15:35] [Server thread/INFO]: Bot3node018 joined the game
[20:15:40] [Server thread/INFO]: Bot4node017[/10.149.0.17:52568] logged in with entity id 362 at (196.5, 89.0, 514.5)
[20:15:40] [Server thread/INFO]: Bot4node017 joined the game
[20:15:40] [Server thread/INFO]: Bot4node018[/10.149.0.18:55404] logged in with entity id 363 at (212.5, 80.0, 506.5)
[20:15:40] [Server thread/INFO]: Bot4node018 joined the game
[20:15:45] [Server thread/INFO]: Bot5node017[/10.149.0.17:52572] logged in with entity id 364 at (197.5, 89.0, 513.5)
[20:15:45] [Server thread/INFO]: Bot5node017 joined the game
[20:15:45] [Server thread/INFO]: Bot5node018[/10.149.0.18:55408] logged in with entity id 365 at (214.5, 81.0, 510.5)
[20:15:45] [Server thread/INFO]: Bot5node018 joined the game
[20:15:50] [Server thread/INFO]: Bot6node017[/10.149.0.17:52576] logged in with entity id 366 at (197.5, 89.0, 507.5)
[20:15:50] [Server thread/INFO]: Bot6node017 joined the game
[20:15:50] [Server thread/INFO]: Bot6node018[/10.149.0.18:55412] logged in with entity id 367 at (214.5, 85.0, 514.5)
[20:15:50] [Server thread/INFO]: Bot6node018 joined the game
[20:15:55] [Server thread/INFO]: Bot7node017[/10.149.0.17:52580] logged in with entity id 368 at (200.5, 86.0, 504.5)
[20:15:55] [Server thread/INFO]: Bot7node017 joined the game
[20:15:55] [Server thread/INFO]: Bot7node018[/10.149.0.18:55416] logged in with entity id 369 at (200.5, 89.0, 518.5)
[20:15:55] [Server thread/INFO]: Bot7node018 joined the game
[20:16:00] [Server thread/INFO]: Bot8node017[/10.149.0.17:52584] logged in with entity id 371 at (212.5, 85.0, 511.5)
[20:16:00] [Server thread/INFO]: Bot8node017 joined the game
[20:16:00] [Server thread/INFO]: Bot8node018[/10.149.0.18:55420] logged in with entity id 372 at (214.5, 91.0, 507.5)
[20:16:00] [Server thread/INFO]: Bot8node018 joined the game
[20:16:05] [Server thread/INFO]: Bot9node017[/10.149.0.17:52590] logged in with entity id 373 at (211.5, 87.0, 521.5)
[20:16:05] [Server thread/INFO]: Bot9node017 joined the game
[20:16:05] [Server thread/INFO]: Bot9node018[/10.149.0.18:55424] logged in with entity id 374 at (207.5, 88.0, 522.5)
[20:16:05] [Server thread/INFO]: Bot9node018 joined the game
[20:16:10] [Server thread/INFO]: Bot10node017[/10.149.0.17:52594] logged in with entity id 376 at (198.5, 104.0, 521.5)
[20:16:10] [Server thread/INFO]: Bot10node017 joined the game
[20:16:10] [Server thread/INFO]: Bot10node018[/10.149.0.18:55428] logged in with entity id 377 at (213.5, 86.0, 520.5)
[20:16:10] [Server thread/INFO]: Bot10node018 joined the game
[20:16:15] [Server thread/INFO]: Bot11node017[/10.149.0.17:52598] logged in with entity id 379 at (215.5, 86.0, 520.5)
[20:16:15] [Server thread/INFO]: Bot11node017 joined the game
[20:16:15] [Server thread/INFO]: Bot11node018[/10.149.0.18:55432] logged in with entity id 380 at (199.5, 89.0, 511.5)
[20:16:15] [Server thread/INFO]: Bot11node018 joined the game
[20:16:20] [Server thread/INFO]: Bot12node017[/10.149.0.17:52602] logged in with entity id 381 at (201.5, 89.0, 515.5)
[20:16:20] [Server thread/INFO]: Bot12node017 joined the game
[20:16:20] [Server thread/INFO]: Bot12node018[/10.149.0.18:55436] logged in with entity id 382 at (198.5, 89.0, 507.5)
[20:16:20] [Server thread/INFO]: Bot12node018 joined the game
[20:20:24] [Server thread/INFO]: Bot1node017 lost connection: Disconnected
[20:20:24] [Server thread/INFO]: Bot1node017 left the game
[20:20:24] [Server thread/INFO]: Bot2node017 lost connection: Disconnected
[20:20:24] [Server thread/INFO]: Bot2node017 left the game
[20:20:24] [Server thread/INFO]: Bot3node017 lost connection: Disconnected
[20:20:24] [Server thread/INFO]: Bot3node017 left the game
[20:20:24] [Server thread/INFO]: Bot4node017 lost connection: Disconnected
[20:20:24] [Server thread/INFO]: Bot4node017 left the game
[20:20:24] [Server thread/INFO]: Bot5node017 lost connection: Disconnected
[20:20:24] [Server thread/INFO]: Bot5node017 left the game
[20:20:24] [Server thread/INFO]: Bot6node017 lost connection: Disconnected
[20:20:24] [Server thread/INFO]: Bot6node017 left the game
[20:20:24] [Server thread/INFO]: Bot7node017 lost connection: Disconnected
[20:20:24] [Server thread/INFO]: Bot7node017 left the game
[20:20:24] [Server thread/INFO]: Bot8node017 lost connection: Disconnected
[20:20:24] [Server thread/INFO]: Bot8node017 left the game
[20:20:24] [Server thread/INFO]: Bot9node017 lost connection: Disconnected
[20:20:24] [Server thread/INFO]: Bot9node017 left the game
[20:20:24] [Server thread/INFO]: Bot10node017 lost connection: Disconnected
[20:20:24] [Server thread/INFO]: Bot10node017 left the game
[20:20:24] [Server thread/INFO]: Bot10node018 lost connection: Disconnected
[20:20:24] [Server thread/INFO]: Bot10node018 left the game
[20:20:24] [Server thread/INFO]: Bot11node017 lost connection: Disconnected
[20:20:24] [Server thread/INFO]: Bot11node017 left the game
[20:20:24] [Server thread/INFO]: Bot11node018 lost connection: Disconnected
[20:20:24] [Server thread/INFO]: Bot11node018 left the game
[20:20:24] [Server thread/INFO]: Bot12node017 lost connection: Disconnected
[20:20:24] [Server thread/INFO]: Bot12node017 left the game
[20:20:24] [Server thread/INFO]: Bot12node018 lost connection: Disconnected
[20:20:24] [Server thread/INFO]: Bot12node018 left the game
[20:20:24] [Server thread/INFO]: Bot1node018 lost connection: Disconnected
[20:20:24] [Server thread/INFO]: Bot1node018 left the game
[20:20:24] [Server thread/INFO]: Bot2node018 lost connection: Disconnected
[20:20:24] [Server thread/INFO]: Bot2node018 left the game
[20:20:24] [Server thread/INFO]: Bot3node018 lost connection: Disconnected
[20:20:24] [Server thread/INFO]: Bot3node018 left the game
[20:20:24] [Server thread/INFO]: Bot4node018 lost connection: Disconnected
[20:20:24] [Server thread/INFO]: Bot4node018 left the game
[20:20:24] [Server thread/INFO]: Bot5node018 lost connection: Disconnected
[20:20:24] [Server thread/INFO]: Bot5node018 left the game
[20:20:24] [Server thread/INFO]: Bot6node018 lost connection: Disconnected
[20:20:24] [Server thread/INFO]: Bot6node018 left the game
[20:20:24] [Server thread/INFO]: Bot7node018 lost connection: Disconnected
[20:20:24] [Server thread/INFO]: Bot7node018 left the game
[20:20:24] [Server thread/INFO]: Bot8node018 lost connection: Disconnected
[20:20:24] [Server thread/INFO]: Bot8node018 left the game
[20:20:24] [Server thread/INFO]: Bot9node018 lost connection: Disconnected
[20:20:24] [Server thread/INFO]: Bot9node018 left the game
