[22:03:03] [ServerMain/INFO]: Environment: authHost='https://authserver.mojang.com', accountsHost='https://api.mojang.com', sessionHost='https://sessionserver.mojang.com', servicesHost='https://api.minecraftservices.com', name='PROD'
[22:03:04] [ServerMain/INFO]: Loaded 7 recipes
[22:03:05] [ServerMain/INFO]: Loaded 1271 advancements
[22:03:06] [Server thread/INFO]: Starting minecraft server version 1.20
[22:03:06] [Server thread/INFO]: Loading properties
[22:03:06] [Server thread/INFO]: Default game type: CREATIVE
[22:03:06] [Server thread/INFO]: Generating keypair
[22:03:06] [Server thread/INFO]: Starting Minecraft server on *:25565
[22:03:06] [Server thread/INFO]: Using epoll channel type
[22:03:06] [Server thread/WARN]: **** SERVER IS RUNNING IN OFFLINE/INSECURE MODE!
[22:03:06] [Server thread/WARN]: The server will make no attempt to authenticate usernames. Beware.
[22:03:06] [Server thread/WARN]: While this makes the game possible to play without internet access, it also opens up the ability for hackers to connect with any username they choose.
[22:03:06] [Server thread/WARN]: To change this, set "online-mode" to "true" in the server.properties file.
[22:03:06] [Server thread/INFO]: Preparing level "world"
[22:03:08] [Server thread/INFO]: Preparing start region for dimension minecraft:overworld
[22:03:17] [Worker-Main-5/INFO]: Preparing spawn area: 0%
[22:03:17] [Worker-Main-5/INFO]: Preparing spawn area: 0%
[22:03:17] [Worker-Main-5/INFO]: Preparing spawn area: 0%
[22:03:17] [Worker-Main-5/INFO]: Preparing spawn area: 0%
[22:03:17] [Worker-Main-5/INFO]: Preparing spawn area: 0%
[22:03:17] [Worker-Main-5/INFO]: Preparing spawn area: 0%
[22:03:17] [Worker-Main-5/INFO]: Preparing spawn area: 0%
[22:03:17] [Worker-Main-5/INFO]: Preparing spawn area: 0%
[22:03:17] [Worker-Main-5/INFO]: Preparing spawn area: 0%
[22:03:17] [Worker-Main-5/INFO]: Preparing spawn area: 0%
[22:03:17] [Worker-Main-5/INFO]: Preparing spawn area: 0%
[22:03:17] [Worker-Main-5/INFO]: Preparing spawn area: 0%
[22:03:17] [Worker-Main-5/INFO]: Preparing spawn area: 0%
[22:03:17] [Worker-Main-5/INFO]: Preparing spawn area: 0%
[22:03:17] [Worker-Main-5/INFO]: Preparing spawn area: 0%
[22:03:17] [Worker-Main-5/INFO]: Preparing spawn area: 0%
[22:03:17] [Worker-Main-5/INFO]: Preparing spawn area: 0%
[22:03:17] [Worker-Main-5/INFO]: Preparing spawn area: 0%
[22:03:17] [Worker-Main-5/INFO]: Preparing spawn area: 0%
[22:03:18] [Worker-Main-5/INFO]: Preparing spawn area: 0%
[22:03:19] [Worker-Main-5/INFO]: Preparing spawn area: 0%
[22:03:19] [Worker-Main-5/INFO]: Preparing spawn area: 0%
[22:03:19] [Worker-Main-4/INFO]: Preparing spawn area: 0%
[22:03:20] [Worker-Main-1/INFO]: Preparing spawn area: 0%
[22:03:20] [Worker-Main-6/INFO]: Preparing spawn area: 0%
[22:03:21] [Worker-Main-3/INFO]: Preparing spawn area: 0%
[22:03:21] [Worker-Main-2/INFO]: Preparing spawn area: 0%
[22:03:22] [Worker-Main-2/INFO]: Preparing spawn area: 0%
[22:03:22] [Worker-Main-6/INFO]: Preparing spawn area: 1%
[22:03:23] [Worker-Main-7/INFO]: Preparing spawn area: 2%
[22:03:23] [Worker-Main-2/INFO]: Preparing spawn area: 2%
[22:03:24] [Worker-Main-4/INFO]: Preparing spawn area: 2%
[22:03:24] [Worker-Main-5/INFO]: Preparing spawn area: 4%
[22:03:25] [Worker-Main-3/INFO]: Preparing spawn area: 5%
[22:03:25] [Worker-Main-7/INFO]: Preparing spawn area: 6%
[22:03:26] [Worker-Main-3/INFO]: Preparing spawn area: 9%
[22:03:26] [Worker-Main-6/INFO]: Preparing spawn area: 9%
[22:03:27] [Worker-Main-6/INFO]: Preparing spawn area: 10%
[22:03:27] [Worker-Main-5/INFO]: Preparing spawn area: 11%
[22:03:28] [Worker-Main-6/INFO]: Preparing spawn area: 13%
[22:03:28] [Worker-Main-6/INFO]: Preparing spawn area: 15%
[22:03:29] [Worker-Main-1/INFO]: Preparing spawn area: 16%
[22:03:29] [Worker-Main-5/INFO]: Preparing spawn area: 18%
[22:03:30] [Worker-Main-5/INFO]: Preparing spawn area: 20%
[22:03:30] [Worker-Main-4/INFO]: Preparing spawn area: 22%
[22:03:31] [Worker-Main-1/INFO]: Preparing spawn area: 25%
[22:03:31] [Worker-Main-1/INFO]: Preparing spawn area: 27%
[22:03:32] [Worker-Main-1/INFO]: Preparing spawn area: 30%
[22:03:32] [Worker-Main-7/INFO]: Preparing spawn area: 33%
[22:03:33] [Worker-Main-1/INFO]: Preparing spawn area: 35%
[22:03:33] [Worker-Main-4/INFO]: Preparing spawn area: 37%
[22:03:34] [Worker-Main-7/INFO]: Preparing spawn area: 40%
[22:03:34] [Worker-Main-5/INFO]: Preparing spawn area: 43%
[22:03:35] [Worker-Main-5/INFO]: Preparing spawn area: 44%
[22:03:35] [Worker-Main-1/INFO]: Preparing spawn area: 47%
[22:03:36] [Worker-Main-1/INFO]: Preparing spawn area: 49%
[22:03:36] [Worker-Main-4/INFO]: Preparing spawn area: 52%
[22:03:37] [Worker-Main-1/INFO]: Preparing spawn area: 55%
[22:03:37] [Worker-Main-1/INFO]: Preparing spawn area: 57%
[22:03:38] [Worker-Main-1/INFO]: Preparing spawn area: 59%
[22:03:38] [Worker-Main-4/INFO]: Preparing spawn area: 62%
[22:03:39] [Worker-Main-5/INFO]: Preparing spawn area: 66%
[22:03:39] [Worker-Main-3/INFO]: Preparing spawn area: 69%
[22:03:40] [Worker-Main-6/INFO]: Preparing spawn area: 71%
[22:03:40] [Worker-Main-7/INFO]: Preparing spawn area: 74%
[22:03:41] [Worker-Main-5/INFO]: Preparing spawn area: 76%
[22:03:41] [Worker-Main-5/INFO]: Preparing spawn area: 81%
[22:03:42] [Worker-Main-3/INFO]: Preparing spawn area: 84%
[22:03:42] [Worker-Main-7/INFO]: Preparing spawn area: 86%
[22:03:43] [Worker-Main-1/INFO]: Preparing spawn area: 88%
[22:03:43] [Worker-Main-7/INFO]: Preparing spawn area: 91%
[22:03:44] [Worker-Main-1/INFO]: Preparing spawn area: 95%
[22:03:44] [Worker-Main-5/INFO]: Preparing spawn area: 98%
[22:03:44] [Server thread/INFO]: Time elapsed: 36102 ms
[22:03:44] [Server thread/INFO]: Done (38.135s)! For help, type "help"
[22:03:44] [Server thread/INFO]: JMX monitoring enabled
[22:04:24] [Server thread/INFO]: Bot1node034[/10.149.0.34:47634] logged in with entity id 315 at (198.5, 104.0, 523.5)
[22:04:24] [Server thread/INFO]: Bot1node034 joined the game
[22:04:30] [Server thread/INFO]: Bot2node034[/10.149.0.34:47638] logged in with entity id 342 at (195.5, 89.0, 510.5)
[22:04:30] [Server thread/INFO]: Bot2node034 joined the game
[22:04:36] [Server thread/INFO]: Bot3node034[/10.149.0.34:47642] logged in with entity id 354 at (214.5, 75.0, 504.5)
[22:04:36] [Server thread/INFO]: Bot3node034 joined the game
[22:04:42] [Server thread/INFO]: Bot4node034[/10.149.0.34:47646] logged in with entity id 357 at (203.5, 89.0, 516.5)
[22:04:42] [Server thread/INFO]: Bot4node034 joined the game
[22:04:48] [Server thread/INFO]: Bot5node034[/10.149.0.34:47654] logged in with entity id 358 at (207.5, 84.0, 505.5)
[22:04:48] [Server thread/INFO]: Bot5node034 joined the game
[22:04:54] [Server thread/INFO]: Bot6node034[/10.149.0.34:47658] logged in with entity id 359 at (211.5, 88.0, 518.5)
[22:04:54] [Server thread/INFO]: Bot6node034 joined the game
[22:05:00] [Server thread/INFO]: Bot7node034[/10.149.0.34:47662] logged in with entity id 364 at (214.5, 87.0, 516.5)
[22:05:00] [Server thread/INFO]: Bot7node034 joined the game
[22:05:06] [Server thread/INFO]: Bot8node034[/10.149.0.34:47668] logged in with entity id 365 at (211.5, 81.0, 506.5)
[22:05:06] [Server thread/INFO]: Bot8node034 joined the game
[22:05:12] [Server thread/INFO]: Bot9node034[/10.149.0.34:47672] logged in with entity id 368 at (214.5, 91.0, 505.5)
[22:05:12] [Server thread/INFO]: Bot9node034 joined the game
[22:05:18] [Server thread/INFO]: Bot10node034[/10.149.0.34:47676] logged in with entity id 369 at (207.5, 88.0, 522.5)
[22:05:18] [Server thread/INFO]: Bot10node034 joined the game
[22:10:21] [Server thread/INFO]: Bot1node034 lost connection: Disconnected
[22:10:21] [Server thread/INFO]: Bot1node034 left the game
[22:10:21] [Server thread/INFO]: Bot2node034 lost connection: Disconnected
[22:10:21] [Server thread/INFO]: Bot2node034 left the game
[22:10:21] [Server thread/INFO]: Bot3node034 lost connection: Disconnected
[22:10:21] [Server thread/INFO]: Bot3node034 left the game
[22:10:21] [Server thread/INFO]: Bot4node034 lost connection: Disconnected
[22:10:21] [Server thread/INFO]: Bot4node034 left the game
[22:10:21] [Server thread/INFO]: Bot5node034 lost connection: Disconnected
[22:10:21] [Server thread/INFO]: Bot5node034 left the game
[22:10:21] [Server thread/INFO]: Bot6node034 lost connection: Disconnected
[22:10:21] [Server thread/INFO]: Bot6node034 left the game
[22:10:21] [Server thread/INFO]: Bot7node034 lost connection: Disconnected
[22:10:21] [Server thread/INFO]: Bot7node034 left the game
[22:10:21] [Server thread/INFO]: Bot8node034 lost connection: Disconnected
[22:10:21] [Server thread/INFO]: Bot8node034 left the game
[22:10:21] [Server thread/INFO]: Bot9node034 lost connection: Disconnected
[22:10:21] [Server thread/INFO]: Bot9node034 left the game
[22:10:21] [Server thread/INFO]: Bot10node034 lost connection: Disconnected
[22:10:21] [Server thread/INFO]: Bot10node034 left the game
