[18:23:41] [ServerMain/INFO]: Environment: authHost='https://authserver.mojang.com', accountsHost='https://api.mojang.com', sessionHost='https://sessionserver.mojang.com', servicesHost='https://api.minecraftservices.com', name='PROD'
[18:23:43] [ServerMain/INFO]: Loaded 7 recipes
[18:23:43] [ServerMain/INFO]: Loaded 1271 advancements
[18:23:44] [Server thread/INFO]: Starting minecraft server version 1.20
[18:23:44] [Server thread/INFO]: Loading properties
[18:23:44] [Server thread/INFO]: Default game type: CREATIVE
[18:23:44] [Server thread/INFO]: Generating keypair
[18:23:45] [Server thread/INFO]: Starting Minecraft server on *:25565
[18:23:45] [Server thread/INFO]: Using epoll channel type
[18:23:45] [Server thread/WARN]: **** SERVER IS RUNNING IN OFFLINE/INSECURE MODE!
[18:23:45] [Server thread/WARN]: The server will make no attempt to authenticate usernames. Beware.
[18:23:45] [Server thread/WARN]: While this makes the game possible to play without internet access, it also opens up the ability for hackers to connect with any username they choose.
[18:23:45] [Server thread/WARN]: To change this, set "online-mode" to "true" in the server.properties file.
[18:23:45] [Server thread/INFO]: Preparing level "world"
[18:23:46] [Server thread/INFO]: Preparing start region for dimension minecraft:overworld
[18:23:51] [Worker-Main-5/INFO]: Preparing spawn area: 0%
[18:23:51] [Worker-Main-5/INFO]: Preparing spawn area: 0%
[18:23:51] [Worker-Main-5/INFO]: Preparing spawn area: 0%
[18:23:51] [Worker-Main-5/INFO]: Preparing spawn area: 0%
[18:23:51] [Worker-Main-5/INFO]: Preparing spawn area: 0%
[18:23:51] [Worker-Main-5/INFO]: Preparing spawn area: 0%
[18:23:51] [Worker-Main-5/INFO]: Preparing spawn area: 0%
[18:23:51] [Worker-Main-5/INFO]: Preparing spawn area: 0%
[18:23:51] [Worker-Main-5/INFO]: Preparing spawn area: 0%
[18:23:51] [Worker-Main-5/INFO]: Preparing spawn area: 0%
[18:23:51] [Worker-Main-5/INFO]: Preparing spawn area: 0%
[18:23:53] [Worker-Main-5/INFO]: Preparing spawn area: 0%
[18:23:53] [Worker-Main-5/INFO]: Preparing spawn area: 0%
[18:23:53] [Worker-Main-6/INFO]: Preparing spawn area: 0%
[18:23:53] [Worker-Main-1/INFO]: Preparing spawn area: 0%
[18:23:54] [Worker-Main-4/INFO]: Preparing spawn area: 0%
[18:23:54] [Worker-Main-5/INFO]: Preparing spawn area: 0%
[18:23:55] [Worker-Main-6/INFO]: Preparing spawn area: 1%
[18:23:55] [Worker-Main-2/INFO]: Preparing spawn area: 2%
[18:23:56] [Worker-Main-4/INFO]: Preparing spawn area: 4%
[18:23:56] [Worker-Main-5/INFO]: Preparing spawn area: 4%
[18:23:57] [Worker-Main-5/INFO]: Preparing spawn area: 6%
[18:23:58] [Worker-Main-7/INFO]: Preparing spawn area: 9%
[18:23:58] [Worker-Main-2/INFO]: Preparing spawn area: 9%
[18:23:58] [Worker-Main-3/INFO]: Preparing spawn area: 10%
[18:23:59] [Worker-Main-4/INFO]: Preparing spawn area: 12%
[18:23:59] [Worker-Main-6/INFO]: Preparing spawn area: 15%
[18:24:00] [Worker-Main-5/INFO]: Preparing spawn area: 16%
[18:24:00] [Worker-Main-5/INFO]: Preparing spawn area: 19%
[18:24:01] [Worker-Main-2/INFO]: Preparing spawn area: 21%
[18:24:01] [Worker-Main-7/INFO]: Preparing spawn area: 24%
[18:24:02] [Worker-Main-2/INFO]: Preparing spawn area: 26%
[18:24:02] [Worker-Main-6/INFO]: Preparing spawn area: 29%
[18:24:03] [Worker-Main-7/INFO]: Preparing spawn area: 31%
[18:24:03] [Worker-Main-7/INFO]: Preparing spawn area: 34%
[18:24:04] [Worker-Main-7/INFO]: Preparing spawn area: 37%
[18:24:04] [Worker-Main-4/INFO]: Preparing spawn area: 39%
[18:24:05] [Worker-Main-6/INFO]: Preparing spawn area: 42%
[18:24:05] [Worker-Main-5/INFO]: Preparing spawn area: 44%
[18:24:06] [Worker-Main-7/INFO]: Preparing spawn area: 47%
[18:24:06] [Worker-Main-7/INFO]: Preparing spawn area: 49%
[18:24:07] [Worker-Main-5/INFO]: Preparing spawn area: 53%
[18:24:07] [Worker-Main-2/INFO]: Preparing spawn area: 56%
[18:24:08] [Worker-Main-3/INFO]: Preparing spawn area: 58%
[18:24:08] [Worker-Main-3/INFO]: Preparing spawn area: 60%
[18:24:09] [Worker-Main-7/INFO]: Preparing spawn area: 64%
[18:24:09] [Worker-Main-3/INFO]: Preparing spawn area: 67%
[18:24:10] [Worker-Main-5/INFO]: Preparing spawn area: 69%
[18:24:10] [Worker-Main-6/INFO]: Preparing spawn area: 73%
[18:24:11] [Worker-Main-7/INFO]: Preparing spawn area: 76%
[18:24:11] [Worker-Main-1/INFO]: Preparing spawn area: 78%
[18:24:12] [Worker-Main-3/INFO]: Preparing spawn area: 81%
[18:24:12] [Worker-Main-1/INFO]: Preparing spawn area: 85%
[18:24:13] [Worker-Main-7/INFO]: Preparing spawn area: 88%
[18:24:13] [Worker-Main-6/INFO]: Preparing spawn area: 91%
[18:24:14] [Worker-Main-1/INFO]: Preparing spawn area: 94%
[18:24:14] [Worker-Main-7/INFO]: Preparing spawn area: 97%
[18:24:15] [Server thread/INFO]: Time elapsed: 28240 ms
[18:24:15] [Server thread/INFO]: Done (29.964s)! For help, type "help"
[18:24:15] [Server thread/INFO]: JMX monitoring enabled
[18:25:01] [Server thread/INFO]: Bot1node015[/10.149.0.15:40246] logged in with entity id 315 at (214.5, 82.0, 511.5)
[18:25:01] [Server thread/INFO]: Bot1node015 joined the game
[18:25:07] [Server thread/INFO]: Bot2node015[/10.149.0.15:40250] logged in with entity id 339 at (202.5, 86.0, 505.5)
[18:25:07] [Server thread/INFO]: Bot2node015 joined the game
[18:25:13] [Server thread/INFO]: Bot3node015[/10.149.0.15:40254] logged in with entity id 345 at (215.5, 85.0, 521.5)
[18:25:13] [Server thread/INFO]: Bot3node015 joined the game
[18:25:19] [Server thread/INFO]: Bot4node015[/10.149.0.15:40258] logged in with entity id 357 at (197.5, 89.0, 511.5)
[18:25:19] [Server thread/INFO]: Bot4node015 joined the game
[18:25:25] [Server thread/INFO]: Bot5node015[/10.149.0.15:40262] logged in with entity id 358 at (203.5, 89.0, 516.5)
[18:25:25] [Server thread/INFO]: Bot5node015 joined the game
[18:25:31] [Server thread/INFO]: Bot6node015[/10.149.0.15:40266] logged in with entity id 359 at (214.5, 87.0, 517.5)
[18:25:31] [Server thread/INFO]: Bot6node015 joined the game
[18:25:37] [Server thread/INFO]: Bot7node015[/10.149.0.15:40270] logged in with entity id 361 at (215.5, 91.0, 509.5)
[18:25:37] [Server thread/INFO]: Bot7node015 joined the game
[18:25:43] [Server thread/INFO]: Bot8node015[/10.149.0.15:40274] logged in with entity id 362 at (201.5, 87.0, 505.5)
[18:25:43] [Server thread/INFO]: Bot8node015 joined the game
[18:25:49] [Server thread/INFO]: Bot9node015[/10.149.0.15:40278] logged in with entity id 365 at (212.5, 87.0, 524.5)
[18:25:49] [Server thread/INFO]: Bot9node015 joined the game
[18:25:55] [Server thread/INFO]: Bot10node015[/10.149.0.15:40282] logged in with entity id 367 at (212.5, 85.0, 512.5)
[18:25:55] [Server thread/INFO]: Bot10node015 joined the game
[18:30:58] [Server thread/INFO]: Bot1node015 lost connection: Disconnected
[18:30:58] [Server thread/INFO]: Bot1node015 left the game
[18:30:58] [Server thread/INFO]: Bot2node015 lost connection: Disconnected
[18:30:58] [Server thread/INFO]: Bot2node015 left the game
[18:30:58] [Server thread/INFO]: Bot3node015 lost connection: Disconnected
[18:30:58] [Server thread/INFO]: Bot3node015 left the game
[18:30:58] [Server thread/INFO]: Bot4node015 lost connection: Disconnected
[18:30:58] [Server thread/INFO]: Bot4node015 left the game
[18:30:58] [Server thread/INFO]: Bot5node015 lost connection: Disconnected
[18:30:58] [Server thread/INFO]: Bot5node015 left the game
[18:30:58] [Server thread/INFO]: Bot6node015 lost connection: Disconnected
[18:30:58] [Server thread/INFO]: Bot6node015 left the game
[18:30:58] [Server thread/INFO]: Bot7node015 lost connection: Disconnected
[18:30:58] [Server thread/INFO]: Bot7node015 left the game
[18:30:58] [Server thread/INFO]: Bot8node015 lost connection: Disconnected
[18:30:58] [Server thread/INFO]: Bot8node015 left the game
[18:30:58] [Server thread/INFO]: Bot9node015 lost connection: Disconnected
[18:30:58] [Server thread/INFO]: Bot9node015 left the game
[18:30:58] [Server thread/INFO]: Bot10node015 lost connection: Disconnected
[18:30:58] [Server thread/INFO]: Bot10node015 left the game
