[22:21:24] [ServerMain/INFO]: Environment: authHost='https://authserver.mojang.com', accountsHost='https://api.mojang.com', sessionHost='https://sessionserver.mojang.com', servicesHost='https://api.minecraftservices.com', name='PROD'
[22:21:26] [ServerMain/INFO]: Loaded 7 recipes
[22:21:26] [ServerMain/INFO]: Loaded 1271 advancements
[22:21:27] [Server thread/INFO]: Starting minecraft server version 1.20
[22:21:27] [Server thread/INFO]: Loading properties
[22:21:27] [Server thread/INFO]: Default game type: CREATIVE
[22:21:27] [Server thread/INFO]: Generating keypair
[22:21:27] [Server thread/INFO]: Starting Minecraft server on *:25565
[22:21:27] [Server thread/INFO]: Using epoll channel type
[22:21:28] [Server thread/WARN]: **** SERVER IS RUNNING IN OFFLINE/INSECURE MODE!
[22:21:28] [Server thread/WARN]: The server will make no attempt to authenticate usernames. Beware.
[22:21:28] [Server thread/WARN]: While this makes the game possible to play without internet access, it also opens up the ability for hackers to connect with any username they choose.
[22:21:28] [Server thread/WARN]: To change this, set "online-mode" to "true" in the server.properties file.
[22:21:28] [Server thread/INFO]: Preparing level "world"
[22:21:30] [Server thread/INFO]: Preparing start region for dimension minecraft:overworld
[22:21:40] [Worker-Main-5/INFO]: Preparing spawn area: 0%
[22:21:40] [Worker-Main-5/INFO]: Preparing spawn area: 0%
[22:21:40] [Worker-Main-5/INFO]: Preparing spawn area: 0%
[22:21:40] [Worker-Main-5/INFO]: Preparing spawn area: 0%
[22:21:40] [Worker-Main-5/INFO]: Preparing spawn area: 0%
[22:21:40] [Worker-Main-5/INFO]: Preparing spawn area: 0%
[22:21:40] [Worker-Main-5/INFO]: Preparing spawn area: 0%
[22:21:40] [Worker-Main-5/INFO]: Preparing spawn area: 0%
[22:21:40] [Worker-Main-5/INFO]: Preparing spawn area: 0%
[22:21:40] [Worker-Main-5/INFO]: Preparing spawn area: 0%
[22:21:40] [Worker-Main-5/INFO]: Preparing spawn area: 0%
[22:21:40] [Worker-Main-5/INFO]: Preparing spawn area: 0%
[22:21:40] [Worker-Main-7/INFO]: Preparing spawn area: 0%
[22:21:40] [Worker-Main-5/INFO]: Preparing spawn area: 0%
[22:21:40] [Worker-Main-3/INFO]: Preparing spawn area: 0%
[22:21:40] [Worker-Main-3/INFO]: Preparing spawn area: 0%
[22:21:40] [Worker-Main-3/INFO]: Preparing spawn area: 0%
[22:21:40] [Worker-Main-3/INFO]: Preparing spawn area: 0%
[22:21:40] [Worker-Main-3/INFO]: Preparing spawn area: 0%
[22:21:40] [Worker-Main-3/INFO]: Preparing spawn area: 0%
[22:21:40] [Worker-Main-3/INFO]: Preparing spawn area: 0%
[22:21:40] [Worker-Main-3/INFO]: Preparing spawn area: 0%
[22:21:41] [Worker-Main-3/INFO]: Preparing spawn area: 0%
[22:21:41] [Worker-Main-5/INFO]: Preparing spawn area: 0%
[22:21:42] [Worker-Main-2/INFO]: Preparing spawn area: 0%
[22:21:42] [Worker-Main-7/INFO]: Preparing spawn area: 0%
[22:21:43] [Worker-Main-3/INFO]: Preparing spawn area: 0%
[22:21:43] [Worker-Main-1/INFO]: Preparing spawn area: 0%
[22:21:44] [Worker-Main-7/INFO]: Preparing spawn area: 0%
[22:21:44] [Worker-Main-3/INFO]: Preparing spawn area: 0%
[22:21:45] [Worker-Main-4/INFO]: Preparing spawn area: 1%
[22:21:45] [Worker-Main-4/INFO]: Preparing spawn area: 3%
[22:21:46] [Worker-Main-2/INFO]: Preparing spawn area: 3%
[22:21:46] [Worker-Main-1/INFO]: Preparing spawn area: 4%
[22:21:47] [Worker-Main-5/INFO]: Preparing spawn area: 6%
[22:21:47] [Worker-Main-4/INFO]: Preparing spawn area: 7%
[22:21:48] [Worker-Main-1/INFO]: Preparing spawn area: 9%
[22:21:48] [Worker-Main-5/INFO]: Preparing spawn area: 11%
[22:21:49] [Worker-Main-4/INFO]: Preparing spawn area: 12%
[22:21:49] [Worker-Main-5/INFO]: Preparing spawn area: 13%
[22:21:50] [Worker-Main-7/INFO]: Preparing spawn area: 15%
[22:21:50] [Worker-Main-3/INFO]: Preparing spawn area: 17%
[22:21:51] [Worker-Main-1/INFO]: Preparing spawn area: 19%
[22:21:51] [Worker-Main-5/INFO]: Preparing spawn area: 21%
[22:21:52] [Worker-Main-6/INFO]: Preparing spawn area: 23%
[22:21:52] [Worker-Main-6/INFO]: Preparing spawn area: 25%
[22:21:53] [Worker-Main-6/INFO]: Preparing spawn area: 28%
[22:21:53] [Worker-Main-7/INFO]: Preparing spawn area: 30%
[22:21:54] [Worker-Main-4/INFO]: Preparing spawn area: 31%
[22:21:54] [Worker-Main-5/INFO]: Preparing spawn area: 34%
[22:21:55] [Worker-Main-7/INFO]: Preparing spawn area: 37%
[22:21:55] [Worker-Main-7/INFO]: Preparing spawn area: 40%
[22:21:56] [Worker-Main-3/INFO]: Preparing spawn area: 42%
[22:21:56] [Worker-Main-2/INFO]: Preparing spawn area: 43%
[22:21:57] [Worker-Main-7/INFO]: Preparing spawn area: 46%
[22:21:57] [Worker-Main-6/INFO]: Preparing spawn area: 48%
[22:21:58] [Worker-Main-1/INFO]: Preparing spawn area: 51%
[22:21:58] [Worker-Main-5/INFO]: Preparing spawn area: 54%
[22:21:59] [Worker-Main-7/INFO]: Preparing spawn area: 55%
[22:21:59] [Worker-Main-3/INFO]: Preparing spawn area: 58%
[22:22:00] [Worker-Main-3/INFO]: Preparing spawn area: 62%
[22:22:00] [Worker-Main-1/INFO]: Preparing spawn area: 65%
[22:22:01] [Worker-Main-2/INFO]: Preparing spawn area: 68%
[22:22:01] [Worker-Main-4/INFO]: Preparing spawn area: 70%
[22:22:02] [Worker-Main-2/INFO]: Preparing spawn area: 72%
[22:22:02] [Worker-Main-1/INFO]: Preparing spawn area: 75%
[22:22:03] [Worker-Main-5/INFO]: Preparing spawn area: 78%
[22:22:03] [Worker-Main-2/INFO]: Preparing spawn area: 82%
[22:22:04] [Worker-Main-1/INFO]: Preparing spawn area: 84%
[22:22:04] [Worker-Main-2/INFO]: Preparing spawn area: 86%
[22:22:05] [Worker-Main-4/INFO]: Preparing spawn area: 89%
[22:22:05] [Worker-Main-7/INFO]: Preparing spawn area: 93%
[22:22:06] [Worker-Main-5/INFO]: Preparing spawn area: 96%
[22:22:06] [Server thread/INFO]: Time elapsed: 36526 ms
[22:22:06] [Server thread/INFO]: Done (38.420s)! For help, type "help"
[22:22:06] [Server thread/INFO]: JMX monitoring enabled
[22:22:45] [Server thread/INFO]: Bot1node034[/10.149.0.34:47772] logged in with entity id 317 at (206.5, 88.0, 522.5)
[22:22:45] [Server thread/INFO]: Bot1node034 joined the game
[22:22:50] [Server thread/INFO]: Bot2node034[/10.149.0.34:47776] logged in with entity id 344 at (212.5, 80.0, 506.5)
[22:22:50] [Server thread/INFO]: Bot2node034 joined the game
[22:22:56] [Server thread/INFO]: Bot3node034[/10.149.0.34:47780] logged in with entity id 359 at (203.5, 89.0, 514.5)
[22:22:56] [Server thread/INFO]: Bot3node034 joined the game
[22:23:02] [Server thread/INFO]: Bot4node034[/10.149.0.34:47784] logged in with entity id 360 at (209.5, 88.0, 517.5)
[22:23:02] [Server thread/INFO]: Bot4node034 joined the game
[22:23:08] [Server thread/INFO]: Bot5node034[/10.149.0.34:47788] logged in with entity id 361 at (208.5, 88.0, 513.5)
[22:23:08] [Server thread/INFO]: Bot5node034 joined the game
[22:23:14] [Server thread/INFO]: Bot6node034[/10.149.0.34:47792] logged in with entity id 362 at (207.5, 88.0, 513.5)
[22:23:14] [Server thread/INFO]: Bot6node034 joined the game
[22:23:20] [Server thread/INFO]: Bot7node034[/10.149.0.34:47796] logged in with entity id 364 at (215.5, 86.0, 520.5)
[22:23:20] [Server thread/INFO]: Bot7node034 joined the game
[22:23:26] [Server thread/INFO]: Bot8node034[/10.149.0.34:47800] logged in with entity id 365 at (204.5, 89.0, 515.5)
[22:23:26] [Server thread/INFO]: Bot8node034 joined the game
[22:23:32] [Server thread/INFO]: Bot9node034[/10.149.0.34:47804] logged in with entity id 368 at (200.5, 89.0, 512.5)
[22:23:32] [Server thread/INFO]: Bot9node034 joined the game
[22:23:38] [Server thread/INFO]: Bot10node034[/10.149.0.34:47808] logged in with entity id 369 at (204.5, 89.0, 522.5)
[22:23:38] [Server thread/INFO]: Bot10node034 joined the game
[22:28:42] [Server thread/INFO]: Bot1node034 lost connection: Disconnected
[22:28:42] [Server thread/INFO]: Bot1node034 left the game
[22:28:42] [Server thread/INFO]: Bot2node034 lost connection: Disconnected
[22:28:42] [Server thread/INFO]: Bot2node034 left the game
[22:28:42] [Server thread/INFO]: Bot3node034 lost connection: Disconnected
[22:28:42] [Server thread/INFO]: Bot3node034 left the game
[22:28:42] [Server thread/INFO]: Bot4node034 lost connection: Disconnected
[22:28:42] [Server thread/INFO]: Bot4node034 left the game
[22:28:42] [Server thread/INFO]: Bot5node034 lost connection: Disconnected
[22:28:42] [Server thread/INFO]: Bot5node034 left the game
[22:28:42] [Server thread/INFO]: Bot6node034 lost connection: Disconnected
[22:28:42] [Server thread/INFO]: Bot6node034 left the game
[22:28:42] [Server thread/INFO]: Bot7node034 lost connection: Disconnected
[22:28:42] [Server thread/INFO]: Bot7node034 left the game
[22:28:42] [Server thread/INFO]: Bot8node034 lost connection: Disconnected
[22:28:42] [Server thread/INFO]: Bot8node034 left the game
[22:28:42] [Server thread/INFO]: Bot9node034 lost connection: Disconnected
[22:28:42] [Server thread/INFO]: Bot9node034 left the game
[22:28:42] [Server thread/INFO]: Bot10node034 lost connection: Disconnected
[22:28:42] [Server thread/INFO]: Bot10node034 left the game
