[18:42:01] [ServerMain/INFO]: Environment: authHost='https://authserver.mojang.com', accountsHost='https://api.mojang.com', sessionHost='https://sessionserver.mojang.com', servicesHost='https://api.minecraftservices.com', name='PROD'
[18:42:03] [ServerMain/INFO]: Loaded 7 recipes
[18:42:03] [ServerMain/INFO]: Loaded 1271 advancements
[18:42:04] [Server thread/INFO]: Starting minecraft server version 1.20
[18:42:04] [Server thread/INFO]: Loading properties
[18:42:04] [Server thread/INFO]: Default game type: CREATIVE
[18:42:04] [Server thread/INFO]: Generating keypair
[18:42:04] [Server thread/INFO]: Starting Minecraft server on *:25565
[18:42:04] [Server thread/INFO]: Using epoll channel type
[18:42:04] [Server thread/WARN]: **** SERVER IS RUNNING IN OFFLINE/INSECURE MODE!
[18:42:04] [Server thread/WARN]: The server will make no attempt to authenticate usernames. Beware.
[18:42:04] [Server thread/WARN]: While this makes the game possible to play without internet access, it also opens up the ability for hackers to connect with any username they choose.
[18:42:04] [Server thread/WARN]: To change this, set "online-mode" to "true" in the server.properties file.
[18:42:04] [Server thread/INFO]: Preparing level "world"
[18:42:06] [Server thread/INFO]: Preparing start region for dimension minecraft:overworld
[18:42:10] [Worker-Main-5/INFO]: Preparing spawn area: 0%
[18:42:10] [Worker-Main-5/INFO]: Preparing spawn area: 0%
[18:42:10] [Worker-Main-5/INFO]: Preparing spawn area: 0%
[18:42:10] [Worker-Main-5/INFO]: Preparing spawn area: 0%
[18:42:10] [Worker-Main-5/INFO]: Preparing spawn area: 0%
[18:42:10] [Worker-Main-5/INFO]: Preparing spawn area: 0%
[18:42:10] [Worker-Main-5/INFO]: Preparing spawn area: 0%
[18:42:10] [Worker-Main-5/INFO]: Preparing spawn area: 0%
[18:42:10] [Worker-Main-5/INFO]: Preparing spawn area: 0%
[18:42:12] [Worker-Main-3/INFO]: Preparing spawn area: 0%
[18:42:12] [Worker-Main-3/INFO]: Preparing spawn area: 0%
[18:42:12] [Worker-Main-3/INFO]: Preparing spawn area: 0%
[18:42:12] [Worker-Main-3/INFO]: Preparing spawn area: 0%
[18:42:13] [Worker-Main-3/INFO]: Preparing spawn area: 0%
[18:42:13] [Worker-Main-7/INFO]: Preparing spawn area: 0%
[18:42:14] [Worker-Main-5/INFO]: Preparing spawn area: 0%
[18:42:14] [Worker-Main-3/INFO]: Preparing spawn area: 0%
[18:42:15] [Worker-Main-1/INFO]: Preparing spawn area: 2%
[18:42:15] [Worker-Main-2/INFO]: Preparing spawn area: 3%
[18:42:16] [Worker-Main-6/INFO]: Preparing spawn area: 4%
[18:42:16] [Worker-Main-7/INFO]: Preparing spawn area: 6%
[18:42:17] [Worker-Main-1/INFO]: Preparing spawn area: 8%
[18:42:17] [Worker-Main-7/INFO]: Preparing spawn area: 9%
[18:42:18] [Worker-Main-4/INFO]: Preparing spawn area: 11%
[18:42:18] [Worker-Main-1/INFO]: Preparing spawn area: 12%
[18:42:19] [Worker-Main-5/INFO]: Preparing spawn area: 13%
[18:42:19] [Worker-Main-6/INFO]: Preparing spawn area: 16%
[18:42:20] [Worker-Main-2/INFO]: Preparing spawn area: 18%
[18:42:20] [Worker-Main-5/INFO]: Preparing spawn area: 20%
[18:42:21] [Worker-Main-6/INFO]: Preparing spawn area: 22%
[18:42:21] [Worker-Main-6/INFO]: Preparing spawn area: 25%
[18:42:22] [Worker-Main-5/INFO]: Preparing spawn area: 29%
[18:42:22] [Worker-Main-3/INFO]: Preparing spawn area: 31%
[18:42:23] [Worker-Main-1/INFO]: Preparing spawn area: 33%
[18:42:23] [Worker-Main-1/INFO]: Preparing spawn area: 37%
[18:42:24] [Worker-Main-4/INFO]: Preparing spawn area: 39%
[18:42:24] [Worker-Main-3/INFO]: Preparing spawn area: 42%
[18:42:25] [Worker-Main-2/INFO]: Preparing spawn area: 44%
[18:42:25] [Worker-Main-6/INFO]: Preparing spawn area: 46%
[18:42:26] [Worker-Main-7/INFO]: Preparing spawn area: 50%
[18:42:26] [Worker-Main-7/INFO]: Preparing spawn area: 52%
[18:42:27] [Worker-Main-4/INFO]: Preparing spawn area: 54%
[18:42:27] [Worker-Main-2/INFO]: Preparing spawn area: 57%
[18:42:28] [Worker-Main-2/INFO]: Preparing spawn area: 62%
[18:42:28] [Worker-Main-1/INFO]: Preparing spawn area: 64%
[18:42:29] [Worker-Main-1/INFO]: Preparing spawn area: 67%
[18:42:29] [Worker-Main-2/INFO]: Preparing spawn area: 69%
[18:42:30] [Worker-Main-4/INFO]: Preparing spawn area: 72%
[18:42:30] [Worker-Main-5/INFO]: Preparing spawn area: 76%
[18:42:31] [Worker-Main-3/INFO]: Preparing spawn area: 79%
[18:42:31] [Worker-Main-4/INFO]: Preparing spawn area: 83%
[18:42:32] [Worker-Main-5/INFO]: Preparing spawn area: 85%
[18:42:32] [Worker-Main-2/INFO]: Preparing spawn area: 88%
[18:42:33] [Worker-Main-3/INFO]: Preparing spawn area: 91%
[18:42:33] [Worker-Main-5/INFO]: Preparing spawn area: 95%
[18:42:34] [Worker-Main-3/INFO]: Preparing spawn area: 99%
[18:42:34] [Server thread/INFO]: Time elapsed: 27588 ms
[18:42:34] [Server thread/INFO]: Done (29.261s)! For help, type "help"
[18:42:34] [Server thread/INFO]: JMX monitoring enabled
[18:43:22] [Server thread/INFO]: Bot1node015[/10.149.0.15:40376] logged in with entity id 317 at (203.5, 89.0, 519.5)
[18:43:22] [Server thread/INFO]: Bot1node015 joined the game
[18:43:28] [Server thread/INFO]: Bot2node015[/10.149.0.15:40380] logged in with entity id 344 at (215.5, 85.0, 523.5)
[18:43:28] [Server thread/INFO]: Bot2node015 joined the game
[18:43:34] [Server thread/INFO]: Bot3node015[/10.149.0.15:40384] logged in with entity id 347 at (211.5, 87.0, 519.5)
[18:43:34] [Server thread/INFO]: Bot3node015 joined the game
[18:43:40] [Server thread/INFO]: Bot4node015[/10.149.0.15:40388] logged in with entity id 348 at (215.5, 80.0, 510.5)
[18:43:40] [Server thread/INFO]: Bot4node015 joined the game
[18:43:46] [Server thread/INFO]: Bot5node015[/10.149.0.15:40392] logged in with entity id 360 at (205.5, 87.0, 508.5)
[18:43:46] [Server thread/INFO]: Bot5node015 joined the game
[18:43:52] [Server thread/INFO]: Bot6node015[/10.149.0.15:40396] logged in with entity id 361 at (207.5, 87.0, 509.5)
[18:43:52] [Server thread/INFO]: Bot6node015 joined the game
[18:43:58] [Server thread/INFO]: Bot7node015[/10.149.0.15:40400] logged in with entity id 363 at (203.5, 87.0, 506.5)
[18:43:58] [Server thread/INFO]: Bot7node015 joined the game
[18:44:04] [Server thread/INFO]: Bot8node015[/10.149.0.15:40404] logged in with entity id 364 at (203.5, 89.0, 522.5)
[18:44:04] [Server thread/INFO]: Bot8node015 joined the game
[18:44:10] [Server thread/INFO]: Bot9node015[/10.149.0.15:40408] logged in with entity id 367 at (203.5, 89.0, 521.5)
[18:44:10] [Server thread/INFO]: Bot9node015 joined the game
[18:44:16] [Server thread/INFO]: Bot10node015[/10.149.0.15:40412] logged in with entity id 368 at (215.5, 85.0, 521.5)
[18:44:16] [Server thread/INFO]: Bot10node015 joined the game
[18:49:20] [Server thread/INFO]: Bot1node015 lost connection: Disconnected
[18:49:20] [Server thread/INFO]: Bot1node015 left the game
[18:49:20] [Server thread/INFO]: Bot2node015 lost connection: Disconnected
[18:49:20] [Server thread/INFO]: Bot2node015 left the game
[18:49:20] [Server thread/INFO]: Bot3node015 lost connection: Disconnected
[18:49:20] [Server thread/INFO]: Bot3node015 left the game
[18:49:20] [Server thread/INFO]: Bot4node015 lost connection: Disconnected
[18:49:20] [Server thread/INFO]: Bot4node015 left the game
[18:49:20] [Server thread/INFO]: Bot5node015 lost connection: Disconnected
[18:49:20] [Server thread/INFO]: Bot5node015 left the game
[18:49:20] [Server thread/INFO]: Bot6node015 lost connection: Disconnected
[18:49:20] [Server thread/INFO]: Bot6node015 left the game
[18:49:20] [Server thread/INFO]: Bot7node015 lost connection: Disconnected
[18:49:20] [Server thread/INFO]: Bot7node015 left the game
[18:49:20] [Server thread/INFO]: Bot8node015 lost connection: Disconnected
[18:49:20] [Server thread/INFO]: Bot8node015 left the game
[18:49:20] [Server thread/INFO]: Bot9node015 lost connection: Disconnected
[18:49:20] [Server thread/INFO]: Bot9node015 left the game
[18:49:20] [Server thread/INFO]: Bot10node015 lost connection: Disconnected
[18:49:20] [Server thread/INFO]: Bot10node015 left the game
