[18:51:14] [ServerMain/INFO]: Environment: authHost='https://authserver.mojang.com', accountsHost='https://api.mojang.com', sessionHost='https://sessionserver.mojang.com', servicesHost='https://api.minecraftservices.com', name='PROD'
[18:51:16] [ServerMain/INFO]: Loaded 7 recipes
[18:51:16] [ServerMain/INFO]: Loaded 1271 advancements
[18:51:17] [Server thread/INFO]: Starting minecraft server version 1.20
[18:51:17] [Server thread/INFO]: Loading properties
[18:51:17] [Server thread/INFO]: Default game type: CREATIVE
[18:51:17] [Server thread/INFO]: Generating keypair
[18:51:18] [Server thread/INFO]: Starting Minecraft server on *:25565
[18:51:18] [Server thread/INFO]: Using epoll channel type
[18:51:18] [Server thread/WARN]: **** SERVER IS RUNNING IN OFFLINE/INSECURE MODE!
[18:51:18] [Server thread/WARN]: The server will make no attempt to authenticate usernames. Beware.
[18:51:18] [Server thread/WARN]: While this makes the game possible to play without internet access, it also opens up the ability for hackers to connect with any username they choose.
[18:51:18] [Server thread/WARN]: To change this, set "online-mode" to "true" in the server.properties file.
[18:51:18] [Server thread/INFO]: Preparing level "world"
[18:51:20] [Server thread/INFO]: Preparing start region for dimension minecraft:overworld
[18:51:23] [Worker-Main-4/INFO]: Preparing spawn area: 0%
[18:51:23] [Worker-Main-4/INFO]: Preparing spawn area: 0%
[18:51:23] [Worker-Main-4/INFO]: Preparing spawn area: 0%
[18:51:23] [Worker-Main-4/INFO]: Preparing spawn area: 0%
[18:51:23] [Worker-Main-4/INFO]: Preparing spawn area: 0%
[18:51:23] [Worker-Main-4/INFO]: Preparing spawn area: 0%
[18:51:23] [Worker-Main-4/INFO]: Preparing spawn area: 0%
[18:51:23] [Worker-Main-4/INFO]: Preparing spawn area: 0%
[18:51:24] [Worker-Main-4/INFO]: Preparing spawn area: 0%
[18:51:24] [Worker-Main-4/INFO]: Preparing spawn area: 0%
[18:51:25] [Worker-Main-4/INFO]: Preparing spawn area: 0%
[18:51:25] [Worker-Main-4/INFO]: Preparing spawn area: 0%
[18:51:26] [Worker-Main-4/INFO]: Preparing spawn area: 0%
[18:51:26] [Worker-Main-4/INFO]: Preparing spawn area: 0%
[18:51:27] [Worker-Main-7/INFO]: Preparing spawn area: 0%
[18:51:27] [Worker-Main-6/INFO]: Preparing spawn area: 0%
[18:51:28] [Worker-Main-7/INFO]: Preparing spawn area: 0%
[18:51:28] [Worker-Main-5/INFO]: Preparing spawn area: 0%
[18:51:29] [Worker-Main-7/INFO]: Preparing spawn area: 1%
[18:51:29] [Worker-Main-1/INFO]: Preparing spawn area: 2%
[18:51:30] [Worker-Main-4/INFO]: Preparing spawn area: 3%
[18:51:30] [Worker-Main-5/INFO]: Preparing spawn area: 5%
[18:51:31] [Worker-Main-7/INFO]: Preparing spawn area: 8%
[18:51:31] [Worker-Main-5/INFO]: Preparing spawn area: 9%
[18:51:32] [Worker-Main-3/INFO]: Preparing spawn area: 11%
[18:51:32] [Worker-Main-2/INFO]: Preparing spawn area: 12%
[18:51:33] [Worker-Main-7/INFO]: Preparing spawn area: 14%
[18:51:33] [Worker-Main-6/INFO]: Preparing spawn area: 16%
[18:51:34] [Worker-Main-4/INFO]: Preparing spawn area: 18%
[18:51:34] [Worker-Main-6/INFO]: Preparing spawn area: 21%
[18:51:35] [Worker-Main-7/INFO]: Preparing spawn area: 23%
[18:51:35] [Worker-Main-1/INFO]: Preparing spawn area: 27%
[18:51:36] [Worker-Main-7/INFO]: Preparing spawn area: 29%
[18:51:36] [Worker-Main-7/INFO]: Preparing spawn area: 32%
[18:51:37] [Worker-Main-7/INFO]: Preparing spawn area: 35%
[18:51:37] [Worker-Main-4/INFO]: Preparing spawn area: 38%
[18:51:38] [Worker-Main-6/INFO]: Preparing spawn area: 40%
[18:51:38] [Worker-Main-7/INFO]: Preparing spawn area: 43%
[18:51:39] [Worker-Main-3/INFO]: Preparing spawn area: 46%
[18:51:39] [Worker-Main-3/INFO]: Preparing spawn area: 48%
[18:51:40] [Worker-Main-7/INFO]: Preparing spawn area: 52%
[18:51:40] [Worker-Main-2/INFO]: Preparing spawn area: 55%
[18:51:41] [Worker-Main-7/INFO]: Preparing spawn area: 56%
[18:51:41] [Worker-Main-2/INFO]: Preparing spawn area: 59%
[18:51:42] [Worker-Main-6/INFO]: Preparing spawn area: 63%
[18:51:42] [Worker-Main-4/INFO]: Preparing spawn area: 65%
[18:51:43] [Worker-Main-2/INFO]: Preparing spawn area: 68%
[18:51:43] [Worker-Main-2/INFO]: Preparing spawn area: 71%
[18:51:44] [Worker-Main-4/INFO]: Preparing spawn area: 73%
[18:51:44] [Worker-Main-2/INFO]: Preparing spawn area: 76%
[18:51:45] [Worker-Main-1/INFO]: Preparing spawn area: 81%
[18:51:45] [Worker-Main-3/INFO]: Preparing spawn area: 84%
[18:51:46] [Worker-Main-1/INFO]: Preparing spawn area: 85%
[18:51:46] [Worker-Main-2/INFO]: Preparing spawn area: 89%
[18:51:47] [Worker-Main-7/INFO]: Preparing spawn area: 92%
[18:51:47] [Worker-Main-5/INFO]: Preparing spawn area: 96%
[18:51:48] [Server thread/INFO]: Time elapsed: 27943 ms
[18:51:48] [Server thread/INFO]: Done (29.748s)! For help, type "help"
[18:51:48] [Server thread/INFO]: JMX monitoring enabled
[18:52:35] [Server thread/INFO]: Bot1node015[/10.149.0.15:40444] logged in with entity id 315 at (212.5, 87.0, 514.5)
[18:52:35] [Server thread/INFO]: Bot1node015 joined the game
[18:52:40] [Server thread/INFO]: Bot2node015[/10.149.0.15:40448] logged in with entity id 339 at (214.5, 83.0, 512.5)
[18:52:40] [Server thread/INFO]: Bot2node015 joined the game
[18:52:46] [Server thread/INFO]: Bot3node015[/10.149.0.15:40452] logged in with entity id 340 at (214.5, 86.0, 523.5)
[18:52:46] [Server thread/INFO]: Bot3node015 joined the game
[18:52:52] [Server thread/INFO]: Bot4node015[/10.149.0.15:40456] logged in with entity id 341 at (199.5, 89.0, 510.5)
[18:52:52] [Server thread/INFO]: Bot4node015 joined the game
[18:52:58] [Server thread/INFO]: Bot5node015[/10.149.0.15:40460] logged in with entity id 358 at (203.5, 89.0, 513.5)
[18:52:58] [Server thread/INFO]: Bot5node015 joined the game
[18:53:04] [Server thread/INFO]: Bot6node015[/10.149.0.15:40464] logged in with entity id 359 at (212.5, 88.0, 516.5)
[18:53:04] [Server thread/INFO]: Bot6node015 joined the game
[18:53:10] [Server thread/INFO]: Bot7node015[/10.149.0.15:40468] logged in with entity id 361 at (210.5, 87.0, 523.5)
[18:53:10] [Server thread/INFO]: Bot7node015 joined the game
[18:53:16] [Server thread/INFO]: Bot8node015[/10.149.0.15:40472] logged in with entity id 362 at (205.5, 89.0, 517.5)
[18:53:16] [Server thread/INFO]: Bot8node015 joined the game
[18:53:22] [Server thread/INFO]: Bot9node015[/10.149.0.15:40476] logged in with entity id 365 at (214.5, 81.0, 510.5)
[18:53:22] [Server thread/INFO]: Bot9node015 joined the game
[18:53:28] [Server thread/INFO]: Bot10node015[/10.149.0.15:40480] logged in with entity id 366 at (202.5, 88.0, 508.5)
[18:53:28] [Server thread/INFO]: Bot10node015 joined the game
[18:58:32] [Server thread/INFO]: Bot1node015 lost connection: Disconnected
[18:58:32] [Server thread/INFO]: Bot1node015 left the game
[18:58:32] [Server thread/INFO]: Bot2node015 lost connection: Disconnected
[18:58:32] [Server thread/INFO]: Bot2node015 left the game
[18:58:32] [Server thread/INFO]: Bot3node015 lost connection: Disconnected
[18:58:32] [Server thread/INFO]: Bot3node015 left the game
[18:58:32] [Server thread/INFO]: Bot4node015 lost connection: Disconnected
[18:58:32] [Server thread/INFO]: Bot4node015 left the game
[18:58:32] [Server thread/INFO]: Bot5node015 lost connection: Disconnected
[18:58:32] [Server thread/INFO]: Bot5node015 left the game
[18:58:32] [Server thread/INFO]: Bot6node015 lost connection: Disconnected
[18:58:32] [Server thread/INFO]: Bot6node015 left the game
[18:58:32] [Server thread/INFO]: Bot7node015 lost connection: Disconnected
[18:58:32] [Server thread/INFO]: Bot7node015 left the game
[18:58:32] [Server thread/INFO]: Bot8node015 lost connection: Disconnected
[18:58:32] [Server thread/INFO]: Bot8node015 left the game
[18:58:32] [Server thread/INFO]: Bot9node015 lost connection: Disconnected
[18:58:32] [Server thread/INFO]: Bot9node015 left the game
[18:58:32] [Server thread/INFO]: Bot10node015 lost connection: Disconnected
[18:58:32] [Server thread/INFO]: Bot10node015 left the game
